#
# There is insufficient memory for the Java Runtime Environment to continue.
# Native memory allocation (malloc) failed to allocate 1922256 bytes for Chunk::new
# Possible reasons:
#   The system is out of physical RAM or swap space
#   The process is running with CompressedOops enabled, and the Java Heap may be blocking the growth of the native heap
# Possible solutions:
#   Reduce memory load on the system
#   Increase physical memory or swap space
#   Check if swap backing store is full
#   Decrease Java heap size (-Xmx/-Xms)
#   Decrease number of Java threads
#   Decrease Java thread stack sizes (-Xss)
#   Set larger code cache with -XX:ReservedCodeCacheSize=
#   JVM is running with Unscaled Compressed Oops mode in which the Java heap is
#     placed in the first 4GB address space. The Java Heap base address is the
#     maximum limit for the native heap growth. Please use -XX:HeapBaseMinAddress
#     to set the Java Heap base and to place the Java Heap above 4GB virtual address.
# This output file may be truncated or incomplete.
#
#  Out of Memory Error (./src/hotspot/share/memory/arena.cpp:197), pid=12948, tid=16432
#
# JRE version: OpenJDK Runtime Environment (11.0.11+9) (build 11.0.11+9-b60-7590822)
# Java VM: OpenJDK 64-Bit Server VM (11.0.11+9-b60-7590822, mixed mode, tiered, compressed oops, g1 gc, windows-amd64)
# No core dump will be written. Minidumps are not enabled by default on client versions of Windows
#

---------------  S U M M A R Y ------------

Command Line: --add-opens=java.base/java.util=ALL-UNNAMED --add-opens=java.base/java.lang=ALL-UNNAMED --add-opens=java.base/java.lang.invoke=ALL-UNNAMED --add-opens=java.base/java.util=ALL-UNNAMED --add-opens=java.prefs/java.util.prefs=ALL-UNNAMED --add-opens=java.prefs/java.util.prefs=ALL-UNNAMED --add-opens=java.base/java.nio.charset=ALL-UNNAMED --add-opens=java.base/java.net=ALL-UNNAMED --add-opens=java.base/java.util.concurrent.atomic=ALL-UNNAMED -Xmx2048m -Dfile.encoding=UTF-8 -Duser.country=SE -Duser.language=sv -Duser.variant org.gradle.launcher.daemon.bootstrap.GradleDaemon 7.2

Host: Intel(R) Core(TM) i7-4710MQ CPU @ 2.50GHz, 8 cores, 15G,  Windows 10 , 64 bit Build 19041 (10.0.19041.1566)
Time: Wed Apr 13 23:21:00 2022 Västeuropa, sommartid elapsed time: 15.673604 seconds (0d 0h 0m 15s)

---------------  T H R E A D  ---------------

Current thread (0x0000025c5e26a800):  JavaThread "C2 CompilerThread0" daemon [_thread_in_native, id=16432, stack(0x000000ae5eb00000,0x000000ae5ec00000)]


Current CompileTask:
C2:  15673 9995 % !   4       com.android.ide.common.resources.DataMerger::mergeData @ 247 (611 bytes)

Stack: [0x000000ae5eb00000,0x000000ae5ec00000]
Native frames: (J=compiled Java code, j=interpreted, Vv=VM code, C=native code)
V  [jvm.dll+0x5f214a]
V  [jvm.dll+0x726fb5]
V  [jvm.dll+0x7285cd]
V  [jvm.dll+0x728c83]
V  [jvm.dll+0x243278]
V  [jvm.dll+0xbc53c]
V  [jvm.dll+0xbca3c]
V  [jvm.dll+0x353e7d]
V  [jvm.dll+0x321893]
V  [jvm.dll+0x320d8a]
V  [jvm.dll+0x1fc1e2]
V  [jvm.dll+0x1fb3d4]
V  [jvm.dll+0x183d6c]
V  [jvm.dll+0x209a57]
V  [jvm.dll+0x2082a1]
V  [jvm.dll+0x6ef58f]
V  [jvm.dll+0x6e80b5]
V  [jvm.dll+0x5f1036]
C  [ucrtbase.dll+0x21bb2]
C  [KERNEL32.DLL+0x17034]
C  [ntdll.dll+0x52651]


---------------  P R O C E S S  ---------------

Threads class SMR info:
_java_thread_list=0x0000025c67b19830, length=131, elements={
0x0000025c4156c800, 0x0000025c5e201000, 0x0000025c5e20c800, 0x0000025c5d9cc800,
0x0000025c5d9ce000, 0x0000025c5e267800, 0x0000025c5e26a800, 0x0000025c5e26e800,
0x0000025c5e272000, 0x0000025c5e3d5000, 0x0000025c60ba4000, 0x0000025c60e3b000,
0x0000025c5e552000, 0x0000025c5fe8a000, 0x0000025c61440000, 0x0000025c610bd800,
0x0000025c60bc5000, 0x0000025c5fd73000, 0x0000025c608c2000, 0x0000025c617fb800,
0x0000025c617fc800, 0x0000025c617f8800, 0x0000025c617fa800, 0x0000025c617ff000,
0x0000025c617fa000, 0x0000025c617fd000, 0x0000025c617f9000, 0x0000025c617fe000,
0x0000025c6332f800, 0x0000025c63336000, 0x0000025c63332800, 0x0000025c63330000,
0x0000025c63335000, 0x0000025c63336800, 0x0000025c63334000, 0x0000025c63331000,
0x0000025c6333b800, 0x0000025c6333a800, 0x0000025c6333c800, 0x0000025c63337800,
0x0000025c6333e000, 0x0000025c6333d000, 0x0000025c63338800, 0x0000025c6333a000,
0x0000025c63339000, 0x0000025c5f330000, 0x0000025c5f333800, 0x0000025c5f336000,
0x0000025c5f332000, 0x0000025c5f337000, 0x0000025c5f334800, 0x0000025c5f335000,
0x0000025c5f331000, 0x0000025c5f337800, 0x0000025c5f338800, 0x0000025c5f332800,
0x0000025c5f339000, 0x0000025c5f33f000, 0x0000025c5f33d800, 0x0000025c5f33a000,
0x0000025c5f33b000, 0x0000025c5f33c800, 0x0000025c5f33b800, 0x0000025c5f33e000,
0x0000025c633fd800, 0x0000025c633fe800, 0x0000025c633fd000, 0x0000025c63404000,
0x0000025c63402800, 0x0000025c63403800, 0x0000025c633ff800, 0x0000025c63401000,
0x0000025c63401800, 0x0000025c63405000, 0x0000025c63400000, 0x0000025c63408800,
0x0000025c63409000, 0x0000025c6340b800, 0x0000025c63407800, 0x0000025c6340a800,
0x0000025c63406000, 0x0000025c6340a000, 0x0000025c63406800, 0x0000025c62029800,
0x0000025c62028000, 0x0000025c6202b000, 0x0000025c6202a800, 0x0000025c62028800,
0x0000025c6202d000, 0x0000025c6202e800, 0x0000025c6202f800, 0x0000025c6202d800,
0x0000025c62031000, 0x0000025c62031800, 0x0000025c62030000, 0x0000025c6202c000,
0x0000025c62033800, 0x0000025c62036800, 0x0000025c62032800, 0x0000025c62034000,
0x0000025c62035000, 0x0000025c62036000, 0x0000025c63d05000, 0x0000025c63d01800,
0x0000025c63d04000, 0x0000025c63d00800, 0x0000025c63cff000, 0x0000025c63d05800,
0x0000025c63d02800, 0x0000025c63d03000, 0x0000025c63d00000, 0x0000025c63d07000,
0x0000025c63d09800, 0x0000025c63d09000, 0x0000025c63d0c000, 0x0000025c63d0a800,
0x0000025c63d08000, 0x0000025c63d06800, 0x0000025c63d0d000, 0x0000025c63d0e000,
0x0000025c63d0b800, 0x0000025c65b89000, 0x0000025c65b8f000, 0x0000025c65b8a000,
0x0000025c65b8b800, 0x0000025c65b8e000, 0x0000025c65b90800, 0x0000025c65b8b000,
0x0000025c65b91800, 0x0000025c65b8c800, 0x0000025c65b92000
}

Java Threads: ( => current thread )
  0x0000025c4156c800 JavaThread "main" [_thread_blocked, id=9248, stack(0x000000ae5df00000,0x000000ae5e000000)]
  0x0000025c5e201000 JavaThread "Reference Handler" daemon [_thread_blocked, id=8716, stack(0x000000ae5e600000,0x000000ae5e700000)]
  0x0000025c5e20c800 JavaThread "Finalizer" daemon [_thread_blocked, id=15676, stack(0x000000ae5e700000,0x000000ae5e800000)]
  0x0000025c5d9cc800 JavaThread "Signal Dispatcher" daemon [_thread_blocked, id=16408, stack(0x000000ae5e800000,0x000000ae5e900000)]
  0x0000025c5d9ce000 JavaThread "Attach Listener" daemon [_thread_blocked, id=17428, stack(0x000000ae5e900000,0x000000ae5ea00000)]
  0x0000025c5e267800 JavaThread "Service Thread" daemon [_thread_blocked, id=920, stack(0x000000ae5ea00000,0x000000ae5eb00000)]
=>0x0000025c5e26a800 JavaThread "C2 CompilerThread0" daemon [_thread_in_native, id=16432, stack(0x000000ae5eb00000,0x000000ae5ec00000)]
  0x0000025c5e26e800 JavaThread "C1 CompilerThread0" daemon [_thread_blocked, id=15728, stack(0x000000ae5ec00000,0x000000ae5ed00000)]
  0x0000025c5e272000 JavaThread "Sweeper thread" daemon [_thread_blocked, id=6072, stack(0x000000ae5ed00000,0x000000ae5ee00000)]
  0x0000025c5e3d5000 JavaThread "Common-Cleaner" daemon [_thread_blocked, id=11344, stack(0x000000ae5ee00000,0x000000ae5ef00000)]
  0x0000025c60ba4000 JavaThread "Daemon health stats" [_thread_blocked, id=8084, stack(0x000000ae5f700000,0x000000ae5f800000)]
  0x0000025c60e3b000 JavaThread "Incoming local TCP Connector on port 62427" [_thread_in_native, id=16092, stack(0x000000ae5f000000,0x000000ae5f100000)]
  0x0000025c5e552000 JavaThread "Daemon periodic checks" [_thread_blocked, id=12192, stack(0x000000ae5f600000,0x000000ae5f700000)]
  0x0000025c5fe8a000 JavaThread "Daemon" [_thread_blocked, id=4112, stack(0x000000ae5f800000,0x000000ae5f900000)]
  0x0000025c61440000 JavaThread "Handler for socket connection from /127.0.0.1:62427 to /127.0.0.1:62428" [_thread_in_native, id=13608, stack(0x000000ae5f900000,0x000000ae5fa00000)]
  0x0000025c610bd800 JavaThread "Cancel handler" [_thread_blocked, id=7448, stack(0x000000ae5fa00000,0x000000ae5fb00000)]
  0x0000025c60bc5000 JavaThread "Daemon worker" [_thread_blocked, id=18448, stack(0x000000ae5fb00000,0x000000ae5fc00000)]
  0x0000025c5fd73000 JavaThread "Asynchronous log dispatcher for DefaultDaemonConnection: socket connection from /127.0.0.1:62427 to /127.0.0.1:62428" [_thread_blocked, id=8020, stack(0x000000ae5fc00000,0x000000ae5fd00000)]
  0x0000025c608c2000 JavaThread "Stdin handler" [_thread_blocked, id=17484, stack(0x000000ae5fd00000,0x000000ae5fe00000)]
  0x0000025c617fb800 JavaThread "Daemon client event forwarder" [_thread_blocked, id=14284, stack(0x000000ae5fe00000,0x000000ae5ff00000)]
  0x0000025c617fc800 JavaThread "Cache worker for journal cache (C:\Users\Lenovo\AndroidStudioProjects\MyFirstKotlinApp\caches\journal-1)" [_thread_blocked, id=10756, stack(0x000000ae60000000,0x000000ae60100000)]
  0x0000025c617f8800 JavaThread "File lock request listener" [_thread_in_native, id=5344, stack(0x000000ae60100000,0x000000ae60200000)]
  0x0000025c617fa800 JavaThread "Cache worker for file hash cache (C:\Users\Lenovo\AndroidStudioProjects\MyFirstKotlinApp\caches\7.2\fileHashes)" [_thread_blocked, id=3544, stack(0x000000ae60200000,0x000000ae60300000)]
  0x0000025c617ff000 JavaThread "Cache worker for file hash cache (C:\Users\Lenovo\Desktop\IAD2021\Android-utveckling\DigitalNomadWorks\.gradle\7.2\fileHashes)" [_thread_blocked, id=5744, stack(0x000000ae60600000,0x000000ae60700000)]
  0x0000025c617fa000 JavaThread "File watcher server" daemon [_thread_in_native, id=15736, stack(0x000000ae60700000,0x000000ae60800000)]
  0x0000025c617fd000 JavaThread "File watcher consumer" daemon [_thread_blocked, id=9496, stack(0x000000ae60800000,0x000000ae60900000)]
  0x0000025c617f9000 JavaThread "Cache worker for checksums cache (C:\Users\Lenovo\Desktop\IAD2021\Android-utveckling\DigitalNomadWorks\.gradle\checksums)" [_thread_blocked, id=11760, stack(0x000000ae60900000,0x000000ae60a00000)]
  0x0000025c617fe000 JavaThread "Cache worker for cache directory md-supplier (C:\Users\Lenovo\AndroidStudioProjects\MyFirstKotlinApp\caches\7.2\md-supplier)" [_thread_blocked, id=10740, stack(0x000000ae60a00000,0x000000ae60b00000)]
  0x0000025c6332f800 JavaThread "Cache worker for cache directory md-rule (C:\Users\Lenovo\AndroidStudioProjects\MyFirstKotlinApp\caches\7.2\md-rule)" [_thread_blocked, id=1580, stack(0x000000ae60b00000,0x000000ae60c00000)]
  0x0000025c63336000 JavaThread "Cache worker for execution history cache (C:\Users\Lenovo\AndroidStudioProjects\MyFirstKotlinApp\caches\7.2\executionHistory)" [_thread_blocked, id=12968, stack(0x000000ae60c00000,0x000000ae60d00000)]
  0x0000025c63332800 JavaThread "jar transforms" [_thread_blocked, id=16336, stack(0x000000ae60e00000,0x000000ae60f00000)]
  0x0000025c63330000 JavaThread "Cache worker for file content cache (C:\Users\Lenovo\AndroidStudioProjects\MyFirstKotlinApp\caches\7.2\fileContent)" [_thread_blocked, id=19172, stack(0x000000ae60f00000,0x000000ae61000000)]
  0x0000025c63335000 JavaThread "jar transforms Thread 2" [_thread_blocked, id=16164, stack(0x000000ae61000000,0x000000ae61100000)]
  0x0000025c63336800 JavaThread "Cache worker for dependencies-accessors (C:\Users\Lenovo\Desktop\IAD2021\Android-utveckling\DigitalNomadWorks\.gradle\7.2\dependencies-accessors)" [_thread_blocked, id=9564, stack(0x000000ae61100000,0x000000ae61200000)]
  0x0000025c63334000 JavaThread "jar transforms Thread 3" [_thread_blocked, id=3236, stack(0x000000ae61200000,0x000000ae61300000)]
  0x0000025c63331000 JavaThread "Cache worker for Build Output Cleanup Cache (C:\Users\Lenovo\Desktop\IAD2021\Android-utveckling\DigitalNomadWorks\.gradle\buildOutputCleanup)" [_thread_blocked, id=17716, stack(0x000000ae61300000,0x000000ae61400000)]
  0x0000025c6333b800 JavaThread "Unconstrained build operations" [_thread_blocked, id=6540, stack(0x000000ae61400000,0x000000ae61500000)]
  0x0000025c6333a800 JavaThread "Unconstrained build operations Thread 2" [_thread_blocked, id=15240, stack(0x000000ae61500000,0x000000ae61600000)]
  0x0000025c6333c800 JavaThread "Unconstrained build operations Thread 3" [_thread_blocked, id=15196, stack(0x000000ae61600000,0x000000ae61700000)]
  0x0000025c63337800 JavaThread "Unconstrained build operations Thread 4" [_thread_blocked, id=8140, stack(0x000000ae61700000,0x000000ae61800000)]
  0x0000025c6333e000 JavaThread "Unconstrained build operations Thread 5" [_thread_blocked, id=10124, stack(0x000000ae61800000,0x000000ae61900000)]
  0x0000025c6333d000 JavaThread "Unconstrained build operations Thread 6" [_thread_blocked, id=16684, stack(0x000000ae61900000,0x000000ae61a00000)]
  0x0000025c63338800 JavaThread "Unconstrained build operations Thread 7" [_thread_blocked, id=14328, stack(0x000000ae61a00000,0x000000ae61b00000)]
  0x0000025c6333a000 JavaThread "Unconstrained build operations Thread 8" [_thread_blocked, id=10632, stack(0x000000ae61b00000,0x000000ae61c00000)]
  0x0000025c63339000 JavaThread "Unconstrained build operations Thread 9" [_thread_blocked, id=18560, stack(0x000000ae61c00000,0x000000ae61d00000)]
  0x0000025c5f330000 JavaThread "Unconstrained build operations Thread 10" [_thread_blocked, id=17244, stack(0x000000ae61d00000,0x000000ae61e00000)]
  0x0000025c5f333800 JavaThread "Unconstrained build operations Thread 11" [_thread_blocked, id=3232, stack(0x000000ae61e00000,0x000000ae61f00000)]
  0x0000025c5f336000 JavaThread "Unconstrained build operations Thread 12" [_thread_blocked, id=18504, stack(0x000000ae61f00000,0x000000ae62000000)]
  0x0000025c5f332000 JavaThread "Unconstrained build operations Thread 13" [_thread_blocked, id=10012, stack(0x000000ae62000000,0x000000ae62100000)]
  0x0000025c5f337000 JavaThread "Unconstrained build operations Thread 14" [_thread_blocked, id=720, stack(0x000000ae62100000,0x000000ae62200000)]
  0x0000025c5f334800 JavaThread "Unconstrained build operations Thread 15" [_thread_blocked, id=5236, stack(0x000000ae62200000,0x000000ae62300000)]
  0x0000025c5f335000 JavaThread "Unconstrained build operations Thread 16" [_thread_blocked, id=1272, stack(0x000000ae62300000,0x000000ae62400000)]
  0x0000025c5f331000 JavaThread "Unconstrained build operations Thread 17" [_thread_blocked, id=16516, stack(0x000000ae62400000,0x000000ae62500000)]
  0x0000025c5f337800 JavaThread "Unconstrained build operations Thread 18" [_thread_blocked, id=14956, stack(0x000000ae62500000,0x000000ae62600000)]
  0x0000025c5f338800 JavaThread "Unconstrained build operations Thread 19" [_thread_blocked, id=1916, stack(0x000000ae62600000,0x000000ae62700000)]
  0x0000025c5f332800 JavaThread "Unconstrained build operations Thread 20" [_thread_blocked, id=11844, stack(0x000000ae62700000,0x000000ae62800000)]
  0x0000025c5f339000 JavaThread "Unconstrained build operations Thread 21" [_thread_blocked, id=19316, stack(0x000000ae62800000,0x000000ae62900000)]
  0x0000025c5f33f000 JavaThread "Unconstrained build operations Thread 22" [_thread_blocked, id=5296, stack(0x000000ae62900000,0x000000ae62a00000)]
  0x0000025c5f33d800 JavaThread "Unconstrained build operations Thread 23" [_thread_blocked, id=13052, stack(0x000000ae62a00000,0x000000ae62b00000)]
  0x0000025c5f33a000 JavaThread "Unconstrained build operations Thread 24" [_thread_blocked, id=15416, stack(0x000000ae62b00000,0x000000ae62c00000)]
  0x0000025c5f33b000 JavaThread "Unconstrained build operations Thread 25" [_thread_blocked, id=960, stack(0x000000ae62c00000,0x000000ae62d00000)]
  0x0000025c5f33c800 JavaThread "Unconstrained build operations Thread 26" [_thread_blocked, id=14760, stack(0x000000ae62d00000,0x000000ae62e00000)]
  0x0000025c5f33b800 JavaThread "Unconstrained build operations Thread 27" [_thread_blocked, id=10728, stack(0x000000ae62e00000,0x000000ae62f00000)]
  0x0000025c5f33e000 JavaThread "Unconstrained build operations Thread 28" [_thread_blocked, id=17020, stack(0x000000ae62f00000,0x000000ae63000000)]
  0x0000025c633fd800 JavaThread "Unconstrained build operations Thread 29" [_thread_blocked, id=18172, stack(0x000000ae63000000,0x000000ae63100000)]
  0x0000025c633fe800 JavaThread "Unconstrained build operations Thread 30" [_thread_blocked, id=5928, stack(0x000000ae63100000,0x000000ae63200000)]
  0x0000025c633fd000 JavaThread "Unconstrained build operations Thread 31" [_thread_blocked, id=10044, stack(0x000000ae63200000,0x000000ae63300000)]
  0x0000025c63404000 JavaThread "Unconstrained build operations Thread 32" [_thread_blocked, id=17984, stack(0x000000ae63300000,0x000000ae63400000)]
  0x0000025c63402800 JavaThread "Unconstrained build operations Thread 33" [_thread_blocked, id=16848, stack(0x000000ae63400000,0x000000ae63500000)]
  0x0000025c63403800 JavaThread "Unconstrained build operations Thread 34" [_thread_blocked, id=16236, stack(0x000000ae63500000,0x000000ae63600000)]
  0x0000025c633ff800 JavaThread "Unconstrained build operations Thread 35" [_thread_blocked, id=15468, stack(0x000000ae63600000,0x000000ae63700000)]
  0x0000025c63401000 JavaThread "Unconstrained build operations Thread 36" [_thread_blocked, id=18972, stack(0x000000ae63700000,0x000000ae63800000)]
  0x0000025c63401800 JavaThread "Unconstrained build operations Thread 37" [_thread_blocked, id=8264, stack(0x000000ae63800000,0x000000ae63900000)]
  0x0000025c63405000 JavaThread "Unconstrained build operations Thread 38" [_thread_blocked, id=18136, stack(0x000000ae63900000,0x000000ae63a00000)]
  0x0000025c63400000 JavaThread "Unconstrained build operations Thread 39" [_thread_blocked, id=17692, stack(0x000000ae63a00000,0x000000ae63b00000)]
  0x0000025c63408800 JavaThread "Unconstrained build operations Thread 40" [_thread_blocked, id=17808, stack(0x000000ae63b00000,0x000000ae63c00000)]
  0x0000025c63409000 JavaThread "Unconstrained build operations Thread 41" [_thread_blocked, id=17648, stack(0x000000ae63c00000,0x000000ae63d00000)]
  0x0000025c6340b800 JavaThread "Unconstrained build operations Thread 42" [_thread_blocked, id=13096, stack(0x000000ae63d00000,0x000000ae63e00000)]
  0x0000025c63407800 JavaThread "Unconstrained build operations Thread 43" [_thread_blocked, id=18544, stack(0x000000ae63e00000,0x000000ae63f00000)]
  0x0000025c6340a800 JavaThread "Unconstrained build operations Thread 44" [_thread_blocked, id=18292, stack(0x000000ae63f00000,0x000000ae64000000)]
  0x0000025c63406000 JavaThread "Unconstrained build operations Thread 45" [_thread_blocked, id=19428, stack(0x000000ae64000000,0x000000ae64100000)]
  0x0000025c6340a000 JavaThread "Unconstrained build operations Thread 46" [_thread_blocked, id=12548, stack(0x000000ae64100000,0x000000ae64200000)]
  0x0000025c63406800 JavaThread "Unconstrained build operations Thread 47" [_thread_blocked, id=18364, stack(0x000000ae64200000,0x000000ae64300000)]
  0x0000025c62029800 JavaThread "Unconstrained build operations Thread 48" [_thread_blocked, id=14008, stack(0x000000ae64300000,0x000000ae64400000)]
  0x0000025c62028000 JavaThread "Unconstrained build operations Thread 49" [_thread_blocked, id=18148, stack(0x000000ae64400000,0x000000ae64500000)]
  0x0000025c6202b000 JavaThread "Unconstrained build operations Thread 50" [_thread_blocked, id=10384, stack(0x000000ae64500000,0x000000ae64600000)]
  0x0000025c6202a800 JavaThread "Unconstrained build operations Thread 51" [_thread_blocked, id=17816, stack(0x000000ae64600000,0x000000ae64700000)]
  0x0000025c62028800 JavaThread "Unconstrained build operations Thread 52" [_thread_blocked, id=824, stack(0x000000ae64700000,0x000000ae64800000)]
  0x0000025c6202d000 JavaThread "Unconstrained build operations Thread 53" [_thread_blocked, id=1392, stack(0x000000ae64800000,0x000000ae64900000)]
  0x0000025c6202e800 JavaThread "Unconstrained build operations Thread 54" [_thread_blocked, id=17360, stack(0x000000ae64900000,0x000000ae64a00000)]
  0x0000025c6202f800 JavaThread "Unconstrained build operations Thread 55" [_thread_blocked, id=18412, stack(0x000000ae64a00000,0x000000ae64b00000)]
  0x0000025c6202d800 JavaThread "Unconstrained build operations Thread 56" [_thread_blocked, id=12980, stack(0x000000ae64b00000,0x000000ae64c00000)]
  0x0000025c62031000 JavaThread "Unconstrained build operations Thread 57" [_thread_blocked, id=16788, stack(0x000000ae64c00000,0x000000ae64d00000)]
  0x0000025c62031800 JavaThread "Unconstrained build operations Thread 58" [_thread_blocked, id=18996, stack(0x000000ae64d00000,0x000000ae64e00000)]
  0x0000025c62030000 JavaThread "Unconstrained build operations Thread 59" [_thread_blocked, id=14892, stack(0x000000ae64e00000,0x000000ae64f00000)]
  0x0000025c6202c000 JavaThread "Unconstrained build operations Thread 60" [_thread_blocked, id=8260, stack(0x000000ae64f00000,0x000000ae65000000)]
  0x0000025c62033800 JavaThread "Unconstrained build operations Thread 61" [_thread_blocked, id=6136, stack(0x000000ae65000000,0x000000ae65100000)]
  0x0000025c62036800 JavaThread "Unconstrained build operations Thread 62" [_thread_blocked, id=3356, stack(0x000000ae65100000,0x000000ae65200000)]
  0x0000025c62032800 JavaThread "Unconstrained build operations Thread 63" [_thread_blocked, id=16716, stack(0x000000ae65200000,0x000000ae65300000)]
  0x0000025c62034000 JavaThread "Unconstrained build operations Thread 64" [_thread_blocked, id=13988, stack(0x000000ae65300000,0x000000ae65400000)]
  0x0000025c62035000 JavaThread "Unconstrained build operations Thread 65" [_thread_blocked, id=16888, stack(0x000000ae65400000,0x000000ae65500000)]
  0x0000025c62036000 JavaThread "Unconstrained build operations Thread 66" [_thread_blocked, id=19256, stack(0x000000ae65500000,0x000000ae65600000)]
  0x0000025c63d05000 JavaThread "Unconstrained build operations Thread 67" [_thread_blocked, id=16128, stack(0x000000ae65600000,0x000000ae65700000)]
  0x0000025c63d01800 JavaThread "Unconstrained build operations Thread 68" [_thread_blocked, id=2256, stack(0x000000ae65700000,0x000000ae65800000)]
  0x0000025c63d04000 JavaThread "Unconstrained build operations Thread 69" [_thread_blocked, id=17188, stack(0x000000ae65800000,0x000000ae65900000)]
  0x0000025c63d00800 JavaThread "Unconstrained build operations Thread 70" [_thread_blocked, id=16348, stack(0x000000ae65900000,0x000000ae65a00000)]
  0x0000025c63cff000 JavaThread "Unconstrained build operations Thread 71" [_thread_blocked, id=17344, stack(0x000000ae65a00000,0x000000ae65b00000)]
  0x0000025c63d05800 JavaThread "Unconstrained build operations Thread 72" [_thread_blocked, id=8244, stack(0x000000ae65b00000,0x000000ae65c00000)]
  0x0000025c63d02800 JavaThread "Unconstrained build operations Thread 73" [_thread_blocked, id=14636, stack(0x000000ae65c00000,0x000000ae65d00000)]
  0x0000025c63d03000 JavaThread "Unconstrained build operations Thread 74" [_thread_blocked, id=5860, stack(0x000000ae65d00000,0x000000ae65e00000)]
  0x0000025c63d00000 JavaThread "Unconstrained build operations Thread 75" [_thread_blocked, id=12280, stack(0x000000ae65e00000,0x000000ae65f00000)]
  0x0000025c63d07000 JavaThread "Unconstrained build operations Thread 76" [_thread_blocked, id=18644, stack(0x000000ae65f00000,0x000000ae66000000)]
  0x0000025c63d09800 JavaThread "Unconstrained build operations Thread 77" [_thread_blocked, id=17156, stack(0x000000ae66000000,0x000000ae66100000)]
  0x0000025c63d09000 JavaThread "Unconstrained build operations Thread 78" [_thread_blocked, id=6900, stack(0x000000ae66100000,0x000000ae66200000)]
  0x0000025c63d0c000 JavaThread "Unconstrained build operations Thread 79" [_thread_blocked, id=14460, stack(0x000000ae66200000,0x000000ae66300000)]
  0x0000025c63d0a800 JavaThread "Unconstrained build operations Thread 80" [_thread_blocked, id=5348, stack(0x000000ae66300000,0x000000ae66400000)]
  0x0000025c63d08000 JavaThread "jar transforms Thread 4" [_thread_blocked, id=1324, stack(0x000000ae66400000,0x000000ae66500000)]
  0x0000025c63d06800 JavaThread "jar transforms Thread 5" [_thread_blocked, id=2500, stack(0x000000ae66500000,0x000000ae66600000)]
  0x0000025c63d0d000 JavaThread "jar transforms Thread 6" [_thread_blocked, id=18632, stack(0x000000ae66600000,0x000000ae66700000)]
  0x0000025c63d0e000 JavaThread "jar transforms Thread 7" [_thread_blocked, id=17560, stack(0x000000ae66700000,0x000000ae66800000)]
  0x0000025c63d0b800 JavaThread "jar transforms Thread 8" [_thread_blocked, id=17552, stack(0x000000ae66800000,0x000000ae66900000)]
  0x0000025c65b89000 JavaThread "Memory manager" [_thread_blocked, id=18228, stack(0x000000ae66900000,0x000000ae66a00000)]
  0x0000025c65b8f000 JavaThread "build event listener" [_thread_blocked, id=10048, stack(0x000000ae66a00000,0x000000ae66b00000)]
  0x0000025c65b8a000 JavaThread "Execution worker for ':'" [_thread_blocked, id=4040, stack(0x000000ae66b00000,0x000000ae66c00000)]
  0x0000025c65b8b800 JavaThread "Execution worker for ':' Thread 2" [_thread_blocked, id=19092, stack(0x000000ae66c00000,0x000000ae66d00000)]
  0x0000025c65b8e000 JavaThread "Execution worker for ':' Thread 3" [_thread_blocked, id=17712, stack(0x000000ae66d00000,0x000000ae66e00000)]
  0x0000025c65b90800 JavaThread "Execution worker for ':' Thread 4" [_thread_blocked, id=6620, stack(0x000000ae66e00000,0x000000ae66f00000)]
  0x0000025c65b8b000 JavaThread "Execution worker for ':' Thread 5" [_thread_blocked, id=14312, stack(0x000000ae66f00000,0x000000ae67000000)]
  0x0000025c65b91800 JavaThread "Execution worker for ':' Thread 6" [_thread_in_vm, id=1068, stack(0x000000ae67000000,0x000000ae67100000)]
  0x0000025c65b8c800 JavaThread "Execution worker for ':' Thread 7" [_thread_blocked, id=12272, stack(0x000000ae67100000,0x000000ae67200000)]
  0x0000025c65b92000 JavaThread "Cache worker for execution history cache (C:\Users\Lenovo\Desktop\IAD2021\Android-utveckling\DigitalNomadWorks\.gradle\7.2\executionHistory)" [_thread_blocked, id=14184, stack(0x000000ae67200000,0x000000ae67300000)]

Other Threads:
  0x0000025c5e1ff800 VMThread "VM Thread" [stack: 0x000000ae5e500000,0x000000ae5e600000] [id=8396]
  0x0000025c5e3e4000 WatcherThread [stack: 0x000000ae5ef00000,0x000000ae5f000000] [id=19112]
  0x0000025c41583800 GCTaskThread "GC Thread#0" [stack: 0x000000ae5e000000,0x000000ae5e100000] [id=13716]
  0x0000025c5f148800 GCTaskThread "GC Thread#1" [stack: 0x000000ae5f100000,0x000000ae5f200000] [id=9208]
  0x0000025c5ebff800 GCTaskThread "GC Thread#2" [stack: 0x000000ae5f200000,0x000000ae5f300000] [id=18440]
  0x0000025c5f0a9000 GCTaskThread "GC Thread#3" [stack: 0x000000ae5f300000,0x000000ae5f400000] [id=17628]
  0x0000025c5f0aa000 GCTaskThread "GC Thread#4" [stack: 0x000000ae5f400000,0x000000ae5f500000] [id=10516]
  0x0000025c5f07d000 GCTaskThread "GC Thread#5" [stack: 0x000000ae5f500000,0x000000ae5f600000] [id=9720]
  0x0000025c60d9c000 GCTaskThread "GC Thread#6" [stack: 0x000000ae60300000,0x000000ae60400000] [id=14120]
  0x0000025c5f305000 GCTaskThread "GC Thread#7" [stack: 0x000000ae60400000,0x000000ae60500000] [id=17820]
  0x0000025c415b7000 ConcurrentGCThread "G1 Main Marker" [stack: 0x000000ae5e100000,0x000000ae5e200000] [id=14524]
  0x0000025c415b9800 ConcurrentGCThread "G1 Conc#0" [stack: 0x000000ae5e200000,0x000000ae5e300000] [id=2792]
  0x0000025c5ec30800 ConcurrentGCThread "G1 Conc#1" [stack: 0x000000ae60500000,0x000000ae60600000] [id=2992]
  0x0000025c5d844800 ConcurrentGCThread "G1 Refine#0" [stack: 0x000000ae5e300000,0x000000ae5e400000] [id=7672]
  0x0000025c5d845800 ConcurrentGCThread "G1 Young RemSet Sampling" [stack: 0x000000ae5e400000,0x000000ae5e500000] [id=18356]

Threads with active compile tasks:
C2 CompilerThread0  15728 9995 % !   4       com.android.ide.common.resources.DataMerger::mergeData @ 247 (611 bytes)

VM state:not at safepoint (normal execution)

VM Mutex/Monitor currently owned by a thread: None

Heap address: 0x0000000080000000, size: 2048 MB, Compressed Oops mode: 32-bit
Narrow klass base: 0x0000000000000000, Narrow klass shift: 3
Compressed class space size: 1073741824 Address: 0x0000000100000000

Heap:
 garbage-first heap   total 262144K, used 182049K [0x0000000080000000, 0x0000000100000000)
  region size 1024K, 120 young (122880K), 14 survivors (14336K)
 Metaspace       used 89097K, capacity 91218K, committed 91376K, reserved 1128448K
  class space    used 11576K, capacity 12403K, committed 12492K, reserved 1048576K
Heap Regions: E=young(eden), S=young(survivor), O=old, HS=humongous(starts), HC=humongous(continues), CS=collection set, F=free, A=archive, TAMS=top-at-mark-start (previous, next)
|   0|0x0000000080000000, 0x0000000080100000, 0x0000000080100000|100%| O|  |TAMS 0x0000000080100000, 0x0000000080000000| Untracked 
|   1|0x0000000080100000, 0x0000000080200000, 0x0000000080200000|100%| O|  |TAMS 0x0000000080200000, 0x0000000080100000| Untracked 
|   2|0x0000000080200000, 0x0000000080300000, 0x0000000080300000|100%| O|  |TAMS 0x0000000080300000, 0x0000000080200000| Untracked 
|   3|0x0000000080300000, 0x0000000080400000, 0x0000000080400000|100%|HS|  |TAMS 0x0000000080400000, 0x0000000080300000| Complete 
|   4|0x0000000080400000, 0x0000000080500000, 0x0000000080500000|100%|HC|  |TAMS 0x0000000080500000, 0x0000000080400000| Complete 
|   5|0x0000000080500000, 0x0000000080600000, 0x0000000080600000|100%|HC|  |TAMS 0x0000000080600000, 0x0000000080500000| Complete 
|   6|0x0000000080600000, 0x0000000080700000, 0x0000000080700000|100%| O|  |TAMS 0x0000000080700000, 0x0000000080600000| Untracked 
|   7|0x0000000080700000, 0x0000000080800000, 0x0000000080800000|100%| O|  |TAMS 0x0000000080800000, 0x0000000080700000| Untracked 
|   8|0x0000000080800000, 0x0000000080900000, 0x0000000080900000|100%| O|  |TAMS 0x0000000080900000, 0x0000000080800000| Untracked 
|   9|0x0000000080900000, 0x0000000080a00000, 0x0000000080a00000|100%| O|  |TAMS 0x0000000080a00000, 0x0000000080900000| Untracked 
|  10|0x0000000080a00000, 0x0000000080b00000, 0x0000000080b00000|100%| O|  |TAMS 0x0000000080b00000, 0x0000000080a00000| Untracked 
|  11|0x0000000080b00000, 0x0000000080c00000, 0x0000000080c00000|100%| O|  |TAMS 0x0000000080c00000, 0x0000000080b00000| Untracked 
|  12|0x0000000080c00000, 0x0000000080d00000, 0x0000000080d00000|100%| O|  |TAMS 0x0000000080d00000, 0x0000000080c00000| Untracked 
|  13|0x0000000080d00000, 0x0000000080e00000, 0x0000000080e00000|100%| O|  |TAMS 0x0000000080e00000, 0x0000000080d00000| Untracked 
|  14|0x0000000080e00000, 0x0000000080f00000, 0x0000000080f00000|100%| O|  |TAMS 0x0000000080f00000, 0x0000000080e00000| Untracked 
|  15|0x0000000080f00000, 0x0000000081000000, 0x0000000081000000|100%| O|  |TAMS 0x0000000081000000, 0x0000000080f00000| Untracked 
|  16|0x0000000081000000, 0x0000000081100000, 0x0000000081100000|100%| O|  |TAMS 0x0000000081100000, 0x0000000081000000| Untracked 
|  17|0x0000000081100000, 0x0000000081200000, 0x0000000081200000|100%|HS|  |TAMS 0x0000000081200000, 0x0000000081100000| Complete 
|  18|0x0000000081200000, 0x0000000081300000, 0x0000000081300000|100%|HS|  |TAMS 0x0000000081300000, 0x0000000081200000| Complete 
|  19|0x0000000081300000, 0x0000000081400000, 0x0000000081400000|100%|HS|  |TAMS 0x0000000081400000, 0x0000000081300000| Complete 
|  20|0x0000000081400000, 0x0000000081500000, 0x0000000081500000|100%|HS|  |TAMS 0x0000000081500000, 0x0000000081400000| Complete 
|  21|0x0000000081500000, 0x0000000081600000, 0x0000000081600000|100%|HS|  |TAMS 0x0000000081600000, 0x0000000081500000| Complete 
|  22|0x0000000081600000, 0x0000000081700000, 0x0000000081700000|100%|HC|  |TAMS 0x0000000081700000, 0x0000000081600000| Complete 
|  23|0x0000000081700000, 0x0000000081800000, 0x0000000081800000|100%|HC|  |TAMS 0x0000000081800000, 0x0000000081700000| Complete 
|  24|0x0000000081800000, 0x0000000081900000, 0x0000000081900000|100%|HS|  |TAMS 0x0000000081900000, 0x0000000081800000| Complete 
|  25|0x0000000081900000, 0x0000000081a00000, 0x0000000081a00000|100%|HC|  |TAMS 0x0000000081a00000, 0x0000000081900000| Complete 
|  26|0x0000000081a00000, 0x0000000081b00000, 0x0000000081b00000|100%| O|  |TAMS 0x0000000081b00000, 0x0000000081a00000| Untracked 
|  27|0x0000000081b00000, 0x0000000081c00000, 0x0000000081c00000|100%| O|  |TAMS 0x0000000081c00000, 0x0000000081b00000| Untracked 
|  28|0x0000000081c00000, 0x0000000081d00000, 0x0000000081d00000|100%| O|  |TAMS 0x0000000081d00000, 0x0000000081c00000| Untracked 
|  29|0x0000000081d00000, 0x0000000081e00000, 0x0000000081e00000|100%| O|  |TAMS 0x0000000081e00000, 0x0000000081d00000| Untracked 
|  30|0x0000000081e00000, 0x0000000081f00000, 0x0000000081f00000|100%| O|  |TAMS 0x0000000081f00000, 0x0000000081e00000| Untracked 
|  31|0x0000000081f00000, 0x0000000082000000, 0x0000000082000000|100%| O|  |TAMS 0x0000000082000000, 0x0000000081f00000| Untracked 
|  32|0x0000000082000000, 0x0000000082100000, 0x0000000082100000|100%| O|  |TAMS 0x0000000082100000, 0x0000000082000000| Untracked 
|  33|0x0000000082100000, 0x0000000082200000, 0x0000000082200000|100%| O|  |TAMS 0x0000000082200000, 0x0000000082100000| Untracked 
|  34|0x0000000082200000, 0x0000000082300000, 0x0000000082300000|100%| O|  |TAMS 0x0000000082300000, 0x0000000082200000| Untracked 
|  35|0x0000000082300000, 0x0000000082400000, 0x0000000082400000|100%| O|  |TAMS 0x0000000082400000, 0x0000000082300000| Untracked 
|  36|0x0000000082400000, 0x0000000082500000, 0x0000000082500000|100%| O|  |TAMS 0x0000000082500000, 0x0000000082400000| Untracked 
|  37|0x0000000082500000, 0x0000000082600000, 0x0000000082600000|100%| O|  |TAMS 0x0000000082600000, 0x0000000082500000| Untracked 
|  38|0x0000000082600000, 0x0000000082700000, 0x0000000082700000|100%| O|  |TAMS 0x0000000082700000, 0x0000000082600000| Untracked 
|  39|0x0000000082700000, 0x0000000082800000, 0x0000000082800000|100%| O|  |TAMS 0x0000000082800000, 0x0000000082700000| Untracked 
|  40|0x0000000082800000, 0x0000000082900000, 0x0000000082900000|100%| O|  |TAMS 0x0000000082900000, 0x0000000082800000| Untracked 
|  41|0x0000000082900000, 0x0000000082a00000, 0x0000000082a00000|100%| O|  |TAMS 0x0000000082a00000, 0x0000000082900000| Untracked 
|  42|0x0000000082a00000, 0x0000000082b00000, 0x0000000082b00000|100%| O|  |TAMS 0x0000000082b00000, 0x0000000082a00000| Untracked 
|  43|0x0000000082b00000, 0x0000000082c00000, 0x0000000082c00000|100%| O|  |TAMS 0x0000000082c00000, 0x0000000082b00000| Untracked 
|  44|0x0000000082c00000, 0x0000000082d00000, 0x0000000082d00000|100%| O|  |TAMS 0x0000000082d00000, 0x0000000082c00000| Untracked 
|  45|0x0000000082d00000, 0x0000000082e00000, 0x0000000082e00000|100%| O|  |TAMS 0x0000000082e00000, 0x0000000082d00000| Untracked 
|  46|0x0000000082e00000, 0x0000000082f00000, 0x0000000082f00000|100%| O|  |TAMS 0x0000000082f00000, 0x0000000082e00000| Untracked 
|  47|0x0000000082f00000, 0x0000000083000000, 0x0000000083000000|100%| O|  |TAMS 0x0000000083000000, 0x0000000082f00000| Untracked 
|  48|0x0000000083000000, 0x0000000083100000, 0x0000000083100000|100%| O|  |TAMS 0x00000000830e6a00, 0x0000000083000000| Untracked 
|  49|0x0000000083100000, 0x0000000083200000, 0x0000000083200000|100%| O|  |TAMS 0x0000000083100000, 0x0000000083100000| Untracked 
|  50|0x0000000083200000, 0x0000000083300000, 0x0000000083300000|100%| O|  |TAMS 0x0000000083200000, 0x0000000083200000| Untracked 
|  51|0x0000000083300000, 0x0000000083400000, 0x0000000083400000|100%| O|  |TAMS 0x0000000083300000, 0x0000000083300000| Untracked 
|  52|0x0000000083400000, 0x0000000083500000, 0x0000000083500000|100%| O|  |TAMS 0x0000000083400000, 0x0000000083400000| Untracked 
|  53|0x0000000083500000, 0x0000000083600000, 0x0000000083600000|100%| O|  |TAMS 0x0000000083500000, 0x0000000083500000| Untracked 
|  54|0x0000000083600000, 0x0000000083700000, 0x0000000083700000|100%| O|  |TAMS 0x0000000083600000, 0x0000000083600000| Untracked 
|  55|0x0000000083700000, 0x0000000083800000, 0x0000000083800000|100%| O|  |TAMS 0x0000000083700000, 0x0000000083700000| Untracked 
|  56|0x0000000083800000, 0x0000000083900000, 0x0000000083900000|100%| O|  |TAMS 0x0000000083800000, 0x0000000083800000| Untracked 
|  57|0x0000000083900000, 0x00000000839c8400, 0x0000000083a00000| 78%| O|  |TAMS 0x0000000083900000, 0x0000000083900000| Untracked 
|  58|0x0000000083a00000, 0x0000000083b00000, 0x0000000083b00000|100%|HS|  |TAMS 0x0000000083a00000, 0x0000000083a00000| Complete 
|  59|0x0000000083b00000, 0x0000000083c00000, 0x0000000083c00000|100%|HC|  |TAMS 0x0000000083b00000, 0x0000000083b00000| Complete 
|  60|0x0000000083c00000, 0x0000000083c00000, 0x0000000083d00000|  0%| F|  |TAMS 0x0000000083c00000, 0x0000000083c00000| Untracked 
|  61|0x0000000083d00000, 0x0000000083d00000, 0x0000000083e00000|  0%| F|  |TAMS 0x0000000083d00000, 0x0000000083d00000| Untracked 
|  62|0x0000000083e00000, 0x0000000083e00000, 0x0000000083f00000|  0%| F|  |TAMS 0x0000000083e00000, 0x0000000083e00000| Untracked 
|  63|0x0000000083f00000, 0x0000000083f00000, 0x0000000084000000|  0%| F|  |TAMS 0x0000000083f00000, 0x0000000083f00000| Untracked 
|  64|0x0000000084000000, 0x0000000084000000, 0x0000000084100000|  0%| F|  |TAMS 0x0000000084000000, 0x0000000084000000| Untracked 
|  65|0x0000000084100000, 0x0000000084100000, 0x0000000084200000|  0%| F|  |TAMS 0x0000000084100000, 0x0000000084100000| Untracked 
|  66|0x0000000084200000, 0x0000000084200000, 0x0000000084300000|  0%| F|  |TAMS 0x0000000084200000, 0x0000000084200000| Untracked 
|  67|0x0000000084300000, 0x0000000084300000, 0x0000000084400000|  0%| F|  |TAMS 0x0000000084300000, 0x0000000084300000| Untracked 
|  68|0x0000000084400000, 0x0000000084400000, 0x0000000084500000|  0%| F|  |TAMS 0x0000000084400000, 0x0000000084400000| Untracked 
|  69|0x0000000084500000, 0x0000000084500000, 0x0000000084600000|  0%| F|  |TAMS 0x0000000084500000, 0x0000000084500000| Untracked 
|  70|0x0000000084600000, 0x0000000084600000, 0x0000000084700000|  0%| F|  |TAMS 0x0000000084600000, 0x0000000084600000| Untracked 
|  71|0x0000000084700000, 0x0000000084700000, 0x0000000084800000|  0%| F|  |TAMS 0x0000000084700000, 0x0000000084700000| Untracked 
|  72|0x0000000084800000, 0x0000000084800000, 0x0000000084900000|  0%| F|  |TAMS 0x0000000084800000, 0x0000000084800000| Untracked 
|  73|0x0000000084900000, 0x0000000084900000, 0x0000000084a00000|  0%| F|  |TAMS 0x0000000084900000, 0x0000000084900000| Untracked 
|  74|0x0000000084a00000, 0x0000000084a00000, 0x0000000084b00000|  0%| F|  |TAMS 0x0000000084a00000, 0x0000000084a00000| Untracked 
|  75|0x0000000084b00000, 0x0000000084b00000, 0x0000000084c00000|  0%| F|  |TAMS 0x0000000084b00000, 0x0000000084b00000| Untracked 
|  76|0x0000000084c00000, 0x0000000084c00000, 0x0000000084d00000|  0%| F|  |TAMS 0x0000000084c00000, 0x0000000084c00000| Untracked 
|  77|0x0000000084d00000, 0x0000000084d00000, 0x0000000084e00000|  0%| F|  |TAMS 0x0000000084d00000, 0x0000000084d00000| Untracked 
|  78|0x0000000084e00000, 0x0000000084e00000, 0x0000000084f00000|  0%| F|  |TAMS 0x0000000084e00000, 0x0000000084e00000| Untracked 
|  79|0x0000000084f00000, 0x0000000084f00000, 0x0000000085000000|  0%| F|  |TAMS 0x0000000084f00000, 0x0000000084f00000| Untracked 
|  80|0x0000000085000000, 0x0000000085000000, 0x0000000085100000|  0%| F|  |TAMS 0x0000000085000000, 0x0000000085000000| Untracked 
|  81|0x0000000085100000, 0x0000000085100000, 0x0000000085200000|  0%| F|  |TAMS 0x0000000085100000, 0x0000000085100000| Untracked 
|  82|0x0000000085200000, 0x0000000085200000, 0x0000000085300000|  0%| F|  |TAMS 0x0000000085200000, 0x0000000085200000| Untracked 
|  83|0x0000000085300000, 0x0000000085300000, 0x0000000085400000|  0%| F|  |TAMS 0x0000000085300000, 0x0000000085300000| Untracked 
|  84|0x0000000085400000, 0x0000000085400000, 0x0000000085500000|  0%| F|  |TAMS 0x0000000085400000, 0x0000000085400000| Untracked 
|  85|0x0000000085500000, 0x0000000085500000, 0x0000000085600000|  0%| F|  |TAMS 0x0000000085500000, 0x0000000085500000| Untracked 
|  86|0x0000000085600000, 0x0000000085600000, 0x0000000085700000|  0%| F|  |TAMS 0x0000000085600000, 0x0000000085600000| Untracked 
|  87|0x0000000085700000, 0x0000000085700000, 0x0000000085800000|  0%| F|  |TAMS 0x0000000085700000, 0x0000000085700000| Untracked 
|  88|0x0000000085800000, 0x0000000085800000, 0x0000000085900000|  0%| F|  |TAMS 0x0000000085800000, 0x0000000085800000| Untracked 
|  89|0x0000000085900000, 0x0000000085900000, 0x0000000085a00000|  0%| F|  |TAMS 0x0000000085900000, 0x0000000085900000| Untracked 
|  90|0x0000000085a00000, 0x0000000085a00000, 0x0000000085b00000|  0%| F|  |TAMS 0x0000000085a00000, 0x0000000085a00000| Untracked 
|  91|0x0000000085b00000, 0x0000000085b00000, 0x0000000085c00000|  0%| F|  |TAMS 0x0000000085b00000, 0x0000000085b00000| Untracked 
|  92|0x0000000085c00000, 0x0000000085c00000, 0x0000000085d00000|  0%| F|  |TAMS 0x0000000085c00000, 0x0000000085c00000| Untracked 
|  93|0x0000000085d00000, 0x0000000085d00000, 0x0000000085e00000|  0%| F|  |TAMS 0x0000000085d00000, 0x0000000085d00000| Untracked 
|  94|0x0000000085e00000, 0x0000000085e00000, 0x0000000085f00000|  0%| F|  |TAMS 0x0000000085e00000, 0x0000000085e00000| Untracked 
|  95|0x0000000085f00000, 0x0000000085f00000, 0x0000000086000000|  0%| F|  |TAMS 0x0000000085f00000, 0x0000000085f00000| Untracked 
|  96|0x0000000086000000, 0x0000000086000000, 0x0000000086100000|  0%| F|  |TAMS 0x0000000086000000, 0x0000000086000000| Untracked 
|  97|0x0000000086100000, 0x0000000086100000, 0x0000000086200000|  0%| F|  |TAMS 0x0000000086100000, 0x0000000086100000| Untracked 
|  98|0x0000000086200000, 0x0000000086200000, 0x0000000086300000|  0%| F|  |TAMS 0x0000000086200000, 0x0000000086200000| Untracked 
|  99|0x0000000086300000, 0x0000000086300000, 0x0000000086400000|  0%| F|  |TAMS 0x0000000086300000, 0x0000000086300000| Untracked 
| 100|0x0000000086400000, 0x0000000086400000, 0x0000000086500000|  0%| F|  |TAMS 0x0000000086400000, 0x0000000086400000| Untracked 
| 101|0x0000000086500000, 0x0000000086500000, 0x0000000086600000|  0%| F|  |TAMS 0x0000000086500000, 0x0000000086500000| Untracked 
| 102|0x0000000086600000, 0x0000000086600000, 0x0000000086700000|  0%| F|  |TAMS 0x0000000086600000, 0x0000000086600000| Untracked 
| 103|0x0000000086700000, 0x0000000086700000, 0x0000000086800000|  0%| F|  |TAMS 0x0000000086700000, 0x0000000086700000| Untracked 
| 104|0x0000000086800000, 0x0000000086800000, 0x0000000086900000|  0%| F|  |TAMS 0x0000000086800000, 0x0000000086800000| Untracked 
| 105|0x0000000086900000, 0x0000000086900000, 0x0000000086a00000|  0%| F|  |TAMS 0x0000000086900000, 0x0000000086900000| Untracked 
| 106|0x0000000086a00000, 0x0000000086a00000, 0x0000000086b00000|  0%| F|  |TAMS 0x0000000086a00000, 0x0000000086a00000| Untracked 
| 107|0x0000000086b00000, 0x0000000086b00000, 0x0000000086c00000|  0%| F|  |TAMS 0x0000000086b00000, 0x0000000086b00000| Untracked 
| 108|0x0000000086c00000, 0x0000000086c00000, 0x0000000086d00000|  0%| F|  |TAMS 0x0000000086c00000, 0x0000000086c00000| Untracked 
| 109|0x0000000086d00000, 0x0000000086d00000, 0x0000000086e00000|  0%| F|  |TAMS 0x0000000086d00000, 0x0000000086d00000| Untracked 
| 110|0x0000000086e00000, 0x0000000086e00000, 0x0000000086f00000|  0%| F|  |TAMS 0x0000000086e00000, 0x0000000086e00000| Untracked 
| 111|0x0000000086f00000, 0x0000000086f00000, 0x0000000087000000|  0%| F|  |TAMS 0x0000000086f00000, 0x0000000086f00000| Untracked 
| 112|0x0000000087000000, 0x0000000087000000, 0x0000000087100000|  0%| F|  |TAMS 0x0000000087000000, 0x0000000087000000| Untracked 
| 113|0x0000000087100000, 0x0000000087100000, 0x0000000087200000|  0%| F|  |TAMS 0x0000000087100000, 0x0000000087100000| Untracked 
| 114|0x0000000087200000, 0x0000000087200000, 0x0000000087300000|  0%| F|  |TAMS 0x0000000087200000, 0x0000000087200000| Untracked 
| 115|0x0000000087300000, 0x0000000087300000, 0x0000000087400000|  0%| F|  |TAMS 0x0000000087300000, 0x0000000087300000| Untracked 
| 116|0x0000000087400000, 0x0000000087400000, 0x0000000087500000|  0%| F|  |TAMS 0x0000000087400000, 0x0000000087400000| Untracked 
| 117|0x0000000087500000, 0x0000000087500000, 0x0000000087600000|  0%| F|  |TAMS 0x0000000087500000, 0x0000000087500000| Untracked 
| 118|0x0000000087600000, 0x0000000087600000, 0x0000000087700000|  0%| F|  |TAMS 0x0000000087600000, 0x0000000087600000| Untracked 
| 119|0x0000000087700000, 0x0000000087700000, 0x0000000087800000|  0%| F|  |TAMS 0x0000000087700000, 0x0000000087700000| Untracked 
| 120|0x0000000087800000, 0x0000000087800000, 0x0000000087900000|  0%| F|  |TAMS 0x0000000087800000, 0x0000000087800000| Untracked 
| 121|0x0000000087900000, 0x0000000087900000, 0x0000000087a00000|  0%| F|  |TAMS 0x0000000087900000, 0x0000000087900000| Untracked 
| 122|0x0000000087a00000, 0x0000000087a00000, 0x0000000087b00000|  0%| F|  |TAMS 0x0000000087a00000, 0x0000000087a00000| Untracked 
| 123|0x0000000087b00000, 0x0000000087b00000, 0x0000000087c00000|  0%| F|  |TAMS 0x0000000087b00000, 0x0000000087b00000| Untracked 
| 124|0x0000000087c00000, 0x0000000087c00000, 0x0000000087d00000|  0%| F|  |TAMS 0x0000000087c00000, 0x0000000087c00000| Untracked 
| 125|0x0000000087d00000, 0x0000000087d00000, 0x0000000087e00000|  0%| F|  |TAMS 0x0000000087d00000, 0x0000000087d00000| Untracked 
| 126|0x0000000087e00000, 0x0000000087e00000, 0x0000000087f00000|  0%| F|  |TAMS 0x0000000087e00000, 0x0000000087e00000| Untracked 
| 127|0x0000000087f00000, 0x0000000087f00000, 0x0000000088000000|  0%| F|  |TAMS 0x0000000087f00000, 0x0000000087f00000| Untracked 
| 128|0x0000000088000000, 0x0000000088000000, 0x0000000088100000|  0%| F|  |TAMS 0x0000000088000000, 0x0000000088000000| Untracked 
| 129|0x0000000088100000, 0x0000000088100000, 0x0000000088200000|  0%| F|  |TAMS 0x0000000088100000, 0x0000000088100000| Untracked 
| 130|0x0000000088200000, 0x0000000088300000, 0x0000000088300000|100%| S|CS|TAMS 0x0000000088200000, 0x0000000088200000| Complete 
| 131|0x0000000088300000, 0x0000000088400000, 0x0000000088400000|100%| S|CS|TAMS 0x0000000088300000, 0x0000000088300000| Complete 
| 132|0x0000000088400000, 0x0000000088500000, 0x0000000088500000|100%| S|CS|TAMS 0x0000000088400000, 0x0000000088400000| Complete 
| 133|0x0000000088500000, 0x0000000088600000, 0x0000000088600000|100%| S|CS|TAMS 0x0000000088500000, 0x0000000088500000| Complete 
| 134|0x0000000088600000, 0x0000000088700000, 0x0000000088700000|100%| S|CS|TAMS 0x0000000088600000, 0x0000000088600000| Complete 
| 135|0x0000000088700000, 0x0000000088800000, 0x0000000088800000|100%| S|CS|TAMS 0x0000000088700000, 0x0000000088700000| Complete 
| 136|0x0000000088800000, 0x0000000088800000, 0x0000000088900000|  0%| F|  |TAMS 0x0000000088800000, 0x0000000088800000| Untracked 
| 137|0x0000000088900000, 0x0000000088900000, 0x0000000088a00000|  0%| F|  |TAMS 0x0000000088900000, 0x0000000088900000| Untracked 
| 138|0x0000000088a00000, 0x0000000088a00000, 0x0000000088b00000|  0%| F|  |TAMS 0x0000000088a00000, 0x0000000088a00000| Untracked 
| 139|0x0000000088b00000, 0x0000000088b00000, 0x0000000088c00000|  0%| F|  |TAMS 0x0000000088b00000, 0x0000000088b00000| Untracked 
| 140|0x0000000088c00000, 0x0000000088c00000, 0x0000000088d00000|  0%| F|  |TAMS 0x0000000088c00000, 0x0000000088c00000| Untracked 
| 141|0x0000000088d00000, 0x0000000088d00000, 0x0000000088e00000|  0%| F|  |TAMS 0x0000000088d00000, 0x0000000088d00000| Untracked 
| 142|0x0000000088e00000, 0x0000000088edaa00, 0x0000000088f00000| 85%| E|  |TAMS 0x0000000088e00000, 0x0000000088e00000| Complete 
| 143|0x0000000088f00000, 0x0000000089000000, 0x0000000089000000|100%| E|CS|TAMS 0x0000000088f00000, 0x0000000088f00000| Complete 
| 144|0x0000000089000000, 0x0000000089100000, 0x0000000089100000|100%| S|CS|TAMS 0x0000000089000000, 0x0000000089000000| Complete 
| 145|0x0000000089100000, 0x0000000089200000, 0x0000000089200000|100%| S|CS|TAMS 0x0000000089100000, 0x0000000089100000| Complete 
| 146|0x0000000089200000, 0x0000000089300000, 0x0000000089300000|100%| S|CS|TAMS 0x0000000089200000, 0x0000000089200000| Complete 
| 147|0x0000000089300000, 0x0000000089400000, 0x0000000089400000|100%| S|CS|TAMS 0x0000000089300000, 0x0000000089300000| Complete 
| 148|0x0000000089400000, 0x0000000089500000, 0x0000000089500000|100%| S|CS|TAMS 0x0000000089400000, 0x0000000089400000| Complete 
| 149|0x0000000089500000, 0x0000000089600000, 0x0000000089600000|100%| S|CS|TAMS 0x0000000089500000, 0x0000000089500000| Complete 
| 150|0x0000000089600000, 0x0000000089700000, 0x0000000089700000|100%| S|CS|TAMS 0x0000000089600000, 0x0000000089600000| Complete 
| 151|0x0000000089700000, 0x0000000089800000, 0x0000000089800000|100%| S|CS|TAMS 0x0000000089700000, 0x0000000089700000| Complete 
| 152|0x0000000089800000, 0x0000000089900000, 0x0000000089900000|100%| E|CS|TAMS 0x0000000089800000, 0x0000000089800000| Complete 
| 153|0x0000000089900000, 0x0000000089a00000, 0x0000000089a00000|100%| E|CS|TAMS 0x0000000089900000, 0x0000000089900000| Complete 
| 154|0x0000000089a00000, 0x0000000089b00000, 0x0000000089b00000|100%| E|CS|TAMS 0x0000000089a00000, 0x0000000089a00000| Complete 
| 155|0x0000000089b00000, 0x0000000089c00000, 0x0000000089c00000|100%| E|CS|TAMS 0x0000000089b00000, 0x0000000089b00000| Complete 
| 156|0x0000000089c00000, 0x0000000089d00000, 0x0000000089d00000|100%| E|CS|TAMS 0x0000000089c00000, 0x0000000089c00000| Complete 
| 157|0x0000000089d00000, 0x0000000089e00000, 0x0000000089e00000|100%| E|CS|TAMS 0x0000000089d00000, 0x0000000089d00000| Complete 
| 158|0x0000000089e00000, 0x0000000089f00000, 0x0000000089f00000|100%| E|CS|TAMS 0x0000000089e00000, 0x0000000089e00000| Complete 
| 159|0x0000000089f00000, 0x000000008a000000, 0x000000008a000000|100%| E|CS|TAMS 0x0000000089f00000, 0x0000000089f00000| Complete 
| 160|0x000000008a000000, 0x000000008a100000, 0x000000008a100000|100%| E|CS|TAMS 0x000000008a000000, 0x000000008a000000| Complete 
| 161|0x000000008a100000, 0x000000008a200000, 0x000000008a200000|100%| E|CS|TAMS 0x000000008a100000, 0x000000008a100000| Complete 
| 162|0x000000008a200000, 0x000000008a300000, 0x000000008a300000|100%| E|CS|TAMS 0x000000008a200000, 0x000000008a200000| Complete 
| 163|0x000000008a300000, 0x000000008a400000, 0x000000008a400000|100%| E|CS|TAMS 0x000000008a300000, 0x000000008a300000| Complete 
| 164|0x000000008a400000, 0x000000008a500000, 0x000000008a500000|100%| E|CS|TAMS 0x000000008a400000, 0x000000008a400000| Complete 
| 165|0x000000008a500000, 0x000000008a600000, 0x000000008a600000|100%| E|CS|TAMS 0x000000008a500000, 0x000000008a500000| Complete 
| 166|0x000000008a600000, 0x000000008a700000, 0x000000008a700000|100%| E|CS|TAMS 0x000000008a600000, 0x000000008a600000| Complete 
| 167|0x000000008a700000, 0x000000008a800000, 0x000000008a800000|100%| E|CS|TAMS 0x000000008a700000, 0x000000008a700000| Complete 
| 168|0x000000008a800000, 0x000000008a900000, 0x000000008a900000|100%| E|CS|TAMS 0x000000008a800000, 0x000000008a800000| Complete 
| 169|0x000000008a900000, 0x000000008aa00000, 0x000000008aa00000|100%| E|CS|TAMS 0x000000008a900000, 0x000000008a900000| Complete 
| 170|0x000000008aa00000, 0x000000008ab00000, 0x000000008ab00000|100%| E|CS|TAMS 0x000000008aa00000, 0x000000008aa00000| Complete 
| 171|0x000000008ab00000, 0x000000008ac00000, 0x000000008ac00000|100%| E|CS|TAMS 0x000000008ab00000, 0x000000008ab00000| Complete 
| 172|0x000000008ac00000, 0x000000008ad00000, 0x000000008ad00000|100%| E|CS|TAMS 0x000000008ac00000, 0x000000008ac00000| Complete 
| 173|0x000000008ad00000, 0x000000008ae00000, 0x000000008ae00000|100%| E|CS|TAMS 0x000000008ad00000, 0x000000008ad00000| Complete 
| 174|0x000000008ae00000, 0x000000008af00000, 0x000000008af00000|100%| E|CS|TAMS 0x000000008ae00000, 0x000000008ae00000| Complete 
| 175|0x000000008af00000, 0x000000008b000000, 0x000000008b000000|100%| E|CS|TAMS 0x000000008af00000, 0x000000008af00000| Complete 
| 176|0x000000008b000000, 0x000000008b100000, 0x000000008b100000|100%| E|CS|TAMS 0x000000008b000000, 0x000000008b000000| Complete 
| 177|0x000000008b100000, 0x000000008b200000, 0x000000008b200000|100%| E|CS|TAMS 0x000000008b100000, 0x000000008b100000| Complete 
| 178|0x000000008b200000, 0x000000008b300000, 0x000000008b300000|100%| E|CS|TAMS 0x000000008b200000, 0x000000008b200000| Complete 
| 179|0x000000008b300000, 0x000000008b400000, 0x000000008b400000|100%| E|CS|TAMS 0x000000008b300000, 0x000000008b300000| Complete 
| 180|0x000000008b400000, 0x000000008b500000, 0x000000008b500000|100%| E|CS|TAMS 0x000000008b400000, 0x000000008b400000| Complete 
| 181|0x000000008b500000, 0x000000008b600000, 0x000000008b600000|100%| E|CS|TAMS 0x000000008b500000, 0x000000008b500000| Complete 
| 182|0x000000008b600000, 0x000000008b700000, 0x000000008b700000|100%| E|CS|TAMS 0x000000008b600000, 0x000000008b600000| Complete 
| 183|0x000000008b700000, 0x000000008b800000, 0x000000008b800000|100%| E|CS|TAMS 0x000000008b700000, 0x000000008b700000| Complete 
| 184|0x000000008b800000, 0x000000008b900000, 0x000000008b900000|100%| E|CS|TAMS 0x000000008b800000, 0x000000008b800000| Complete 
| 185|0x000000008b900000, 0x000000008ba00000, 0x000000008ba00000|100%| E|CS|TAMS 0x000000008b900000, 0x000000008b900000| Complete 
| 186|0x000000008ba00000, 0x000000008bb00000, 0x000000008bb00000|100%| E|CS|TAMS 0x000000008ba00000, 0x000000008ba00000| Complete 
| 187|0x000000008bb00000, 0x000000008bc00000, 0x000000008bc00000|100%| E|CS|TAMS 0x000000008bb00000, 0x000000008bb00000| Complete 
| 188|0x000000008bc00000, 0x000000008bd00000, 0x000000008bd00000|100%| E|CS|TAMS 0x000000008bc00000, 0x000000008bc00000| Complete 
| 189|0x000000008bd00000, 0x000000008be00000, 0x000000008be00000|100%| E|CS|TAMS 0x000000008bd00000, 0x000000008bd00000| Complete 
| 190|0x000000008be00000, 0x000000008bf00000, 0x000000008bf00000|100%| E|CS|TAMS 0x000000008be00000, 0x000000008be00000| Complete 
| 191|0x000000008bf00000, 0x000000008c000000, 0x000000008c000000|100%| E|CS|TAMS 0x000000008bf00000, 0x000000008bf00000| Complete 
| 192|0x000000008c000000, 0x000000008c100000, 0x000000008c100000|100%| E|CS|TAMS 0x000000008c000000, 0x000000008c000000| Complete 
| 193|0x000000008c100000, 0x000000008c200000, 0x000000008c200000|100%| E|CS|TAMS 0x000000008c100000, 0x000000008c100000| Complete 
| 194|0x000000008c200000, 0x000000008c300000, 0x000000008c300000|100%| E|CS|TAMS 0x000000008c200000, 0x000000008c200000| Complete 
| 195|0x000000008c300000, 0x000000008c400000, 0x000000008c400000|100%| E|CS|TAMS 0x000000008c300000, 0x000000008c300000| Complete 
| 196|0x000000008c400000, 0x000000008c500000, 0x000000008c500000|100%| E|CS|TAMS 0x000000008c400000, 0x000000008c400000| Complete 
| 197|0x000000008c500000, 0x000000008c600000, 0x000000008c600000|100%| E|  |TAMS 0x000000008c500000, 0x000000008c500000| Complete 
| 198|0x000000008c600000, 0x000000008c700000, 0x000000008c700000|100%| E|CS|TAMS 0x000000008c600000, 0x000000008c600000| Complete 
| 199|0x000000008c700000, 0x000000008c800000, 0x000000008c800000|100%| E|CS|TAMS 0x000000008c700000, 0x000000008c700000| Complete 
| 200|0x000000008c800000, 0x000000008c900000, 0x000000008c900000|100%| E|CS|TAMS 0x000000008c800000, 0x000000008c800000| Complete 
| 201|0x000000008c900000, 0x000000008ca00000, 0x000000008ca00000|100%| E|CS|TAMS 0x000000008c900000, 0x000000008c900000| Complete 
| 202|0x000000008ca00000, 0x000000008cb00000, 0x000000008cb00000|100%| E|CS|TAMS 0x000000008ca00000, 0x000000008ca00000| Complete 
| 203|0x000000008cb00000, 0x000000008cc00000, 0x000000008cc00000|100%| E|CS|TAMS 0x000000008cb00000, 0x000000008cb00000| Complete 
| 204|0x000000008cc00000, 0x000000008cd00000, 0x000000008cd00000|100%| E|CS|TAMS 0x000000008cc00000, 0x000000008cc00000| Complete 
| 205|0x000000008cd00000, 0x000000008ce00000, 0x000000008ce00000|100%| E|CS|TAMS 0x000000008cd00000, 0x000000008cd00000| Complete 
| 206|0x000000008ce00000, 0x000000008cf00000, 0x000000008cf00000|100%| E|CS|TAMS 0x000000008ce00000, 0x000000008ce00000| Complete 
| 207|0x000000008cf00000, 0x000000008d000000, 0x000000008d000000|100%| E|CS|TAMS 0x000000008cf00000, 0x000000008cf00000| Complete 
| 208|0x000000008d000000, 0x000000008d100000, 0x000000008d100000|100%| E|CS|TAMS 0x000000008d000000, 0x000000008d000000| Complete 
| 209|0x000000008d100000, 0x000000008d200000, 0x000000008d200000|100%| E|CS|TAMS 0x000000008d100000, 0x000000008d100000| Complete 
| 210|0x000000008d200000, 0x000000008d300000, 0x000000008d300000|100%| E|CS|TAMS 0x000000008d200000, 0x000000008d200000| Complete 
| 211|0x000000008d300000, 0x000000008d400000, 0x000000008d400000|100%| E|CS|TAMS 0x000000008d300000, 0x000000008d300000| Complete 
| 212|0x000000008d400000, 0x000000008d500000, 0x000000008d500000|100%| E|CS|TAMS 0x000000008d400000, 0x000000008d400000| Complete 
| 213|0x000000008d500000, 0x000000008d600000, 0x000000008d600000|100%| E|CS|TAMS 0x000000008d500000, 0x000000008d500000| Complete 
| 214|0x000000008d600000, 0x000000008d700000, 0x000000008d700000|100%| E|CS|TAMS 0x000000008d600000, 0x000000008d600000| Complete 
| 215|0x000000008d700000, 0x000000008d800000, 0x000000008d800000|100%| E|CS|TAMS 0x000000008d700000, 0x000000008d700000| Complete 
| 216|0x000000008d800000, 0x000000008d900000, 0x000000008d900000|100%| E|CS|TAMS 0x000000008d800000, 0x000000008d800000| Complete 
| 217|0x000000008d900000, 0x000000008da00000, 0x000000008da00000|100%| E|CS|TAMS 0x000000008d900000, 0x000000008d900000| Complete 
| 218|0x000000008da00000, 0x000000008db00000, 0x000000008db00000|100%| E|CS|TAMS 0x000000008da00000, 0x000000008da00000| Complete 
| 219|0x000000008db00000, 0x000000008dc00000, 0x000000008dc00000|100%| E|CS|TAMS 0x000000008db00000, 0x000000008db00000| Complete 
| 220|0x000000008dc00000, 0x000000008dd00000, 0x000000008dd00000|100%| E|CS|TAMS 0x000000008dc00000, 0x000000008dc00000| Complete 
| 221|0x000000008dd00000, 0x000000008de00000, 0x000000008de00000|100%| E|CS|TAMS 0x000000008dd00000, 0x000000008dd00000| Complete 
| 222|0x000000008de00000, 0x000000008df00000, 0x000000008df00000|100%| E|CS|TAMS 0x000000008de00000, 0x000000008de00000| Complete 
| 223|0x000000008df00000, 0x000000008e000000, 0x000000008e000000|100%| E|CS|TAMS 0x000000008df00000, 0x000000008df00000| Complete 
| 224|0x000000008e000000, 0x000000008e100000, 0x000000008e100000|100%| E|CS|TAMS 0x000000008e000000, 0x000000008e000000| Complete 
| 225|0x000000008e100000, 0x000000008e200000, 0x000000008e200000|100%| E|CS|TAMS 0x000000008e100000, 0x000000008e100000| Complete 
| 226|0x000000008e200000, 0x000000008e300000, 0x000000008e300000|100%| E|CS|TAMS 0x000000008e200000, 0x000000008e200000| Complete 
| 227|0x000000008e300000, 0x000000008e400000, 0x000000008e400000|100%| E|CS|TAMS 0x000000008e300000, 0x000000008e300000| Complete 
| 228|0x000000008e400000, 0x000000008e500000, 0x000000008e500000|100%| E|CS|TAMS 0x000000008e400000, 0x000000008e400000| Complete 
| 229|0x000000008e500000, 0x000000008e600000, 0x000000008e600000|100%| E|CS|TAMS 0x000000008e500000, 0x000000008e500000| Complete 
| 230|0x000000008e600000, 0x000000008e700000, 0x000000008e700000|100%| E|CS|TAMS 0x000000008e600000, 0x000000008e600000| Complete 
| 231|0x000000008e700000, 0x000000008e800000, 0x000000008e800000|100%| E|CS|TAMS 0x000000008e700000, 0x000000008e700000| Complete 
| 232|0x000000008e800000, 0x000000008e900000, 0x000000008e900000|100%| E|CS|TAMS 0x000000008e800000, 0x000000008e800000| Complete 
| 233|0x000000008e900000, 0x000000008ea00000, 0x000000008ea00000|100%| E|CS|TAMS 0x000000008e900000, 0x000000008e900000| Complete 
| 234|0x000000008ea00000, 0x000000008eb00000, 0x000000008eb00000|100%| E|CS|TAMS 0x000000008ea00000, 0x000000008ea00000| Complete 
| 235|0x000000008eb00000, 0x000000008ec00000, 0x000000008ec00000|100%| E|CS|TAMS 0x000000008eb00000, 0x000000008eb00000| Complete 
| 236|0x000000008ec00000, 0x000000008ed00000, 0x000000008ed00000|100%| E|CS|TAMS 0x000000008ec00000, 0x000000008ec00000| Complete 
| 237|0x000000008ed00000, 0x000000008ee00000, 0x000000008ee00000|100%| E|CS|TAMS 0x000000008ed00000, 0x000000008ed00000| Complete 
| 238|0x000000008ee00000, 0x000000008ef00000, 0x000000008ef00000|100%| E|CS|TAMS 0x000000008ee00000, 0x000000008ee00000| Complete 
| 239|0x000000008ef00000, 0x000000008f000000, 0x000000008f000000|100%| E|CS|TAMS 0x000000008ef00000, 0x000000008ef00000| Complete 
| 240|0x000000008f000000, 0x000000008f100000, 0x000000008f100000|100%| E|CS|TAMS 0x000000008f000000, 0x000000008f000000| Complete 
| 241|0x000000008f100000, 0x000000008f200000, 0x000000008f200000|100%| E|CS|TAMS 0x000000008f100000, 0x000000008f100000| Complete 
| 242|0x000000008f200000, 0x000000008f300000, 0x000000008f300000|100%| E|CS|TAMS 0x000000008f200000, 0x000000008f200000| Complete 
| 243|0x000000008f300000, 0x000000008f400000, 0x000000008f400000|100%| E|CS|TAMS 0x000000008f300000, 0x000000008f300000| Complete 
| 244|0x000000008f400000, 0x000000008f500000, 0x000000008f500000|100%| E|CS|TAMS 0x000000008f400000, 0x000000008f400000| Complete 
| 245|0x000000008f500000, 0x000000008f600000, 0x000000008f600000|100%| E|CS|TAMS 0x000000008f500000, 0x000000008f500000| Complete 
| 246|0x000000008f600000, 0x000000008f700000, 0x000000008f700000|100%| E|CS|TAMS 0x000000008f600000, 0x000000008f600000| Complete 
| 247|0x000000008f700000, 0x000000008f800000, 0x000000008f800000|100%| E|CS|TAMS 0x000000008f700000, 0x000000008f700000| Complete 
| 248|0x000000008f800000, 0x000000008f900000, 0x000000008f900000|100%| E|CS|TAMS 0x000000008f800000, 0x000000008f800000| Complete 
| 249|0x000000008f900000, 0x000000008fa00000, 0x000000008fa00000|100%| E|CS|TAMS 0x000000008f900000, 0x000000008f900000| Complete 
| 250|0x000000008fa00000, 0x000000008fb00000, 0x000000008fb00000|100%| E|CS|TAMS 0x000000008fa00000, 0x000000008fa00000| Complete 
| 251|0x000000008fb00000, 0x000000008fc00000, 0x000000008fc00000|100%| E|CS|TAMS 0x000000008fb00000, 0x000000008fb00000| Complete 
| 252|0x000000008fc00000, 0x000000008fd00000, 0x000000008fd00000|100%| E|CS|TAMS 0x000000008fc00000, 0x000000008fc00000| Complete 
| 253|0x000000008fd00000, 0x000000008fe00000, 0x000000008fe00000|100%| E|CS|TAMS 0x000000008fd00000, 0x000000008fd00000| Complete 
| 254|0x000000008fe00000, 0x000000008ff00000, 0x000000008ff00000|100%| E|CS|TAMS 0x000000008fe00000, 0x000000008fe00000| Complete 
| 255|0x000000008ff00000, 0x0000000090000000, 0x0000000090000000|100%| E|CS|TAMS 0x000000008ff00000, 0x000000008ff00000| Complete 

Card table byte_map: [0x0000025c566b0000,0x0000025c56ab0000] _byte_map_base: 0x0000025c562b0000

Marking Bits (Prev, Next): (CMBitMap*) 0x0000025c415ae6d8, (CMBitMap*) 0x0000025c415ae710
 Prev Bits: [0x0000025c56eb0000, 0x0000025c58eb0000)
 Next Bits: [0x0000025c58eb0000, 0x0000025c5aeb0000)

Polling page: 0x0000025c42e00000

Metaspace:

Usage:
  Non-class:     77.03 MB capacity,    75.71 MB ( 98%) used,     1.06 MB (  1%) free+waste,   258.00 KB ( <1%) overhead. 
      Class:     12.11 MB capacity,    11.30 MB ( 93%) used,   708.23 KB (  6%) free+waste,   118.50 KB ( <1%) overhead. 
       Both:     89.14 MB capacity,    87.02 MB ( 98%) used,     1.76 MB (  2%) free+waste,   376.50 KB ( <1%) overhead. 

Virtual space:
  Non-class space:       78.00 MB reserved,      77.04 MB ( 99%) committed 
      Class space:        1.00 GB reserved,      12.20 MB (  1%) committed 
             Both:        1.08 GB reserved,      89.23 MB (  8%) committed 

Chunk freelists:
   Non-Class:  5.00 KB
       Class:  13.00 KB
        Both:  18.00 KB

MaxMetaspaceSize: 17179869184.00 GB
CompressedClassSpaceSize: 1.00 GB

CodeHeap 'non-profiled nmethods': size=120000Kb used=6440Kb max_used=6440Kb free=113559Kb
 bounds [0x0000025c4e310000, 0x0000025c4e960000, 0x0000025c55840000]
CodeHeap 'profiled nmethods': size=120000Kb used=21870Kb max_used=21870Kb free=98129Kb
 bounds [0x0000025c46de0000, 0x0000025c48340000, 0x0000025c4e310000]
CodeHeap 'non-nmethods': size=5760Kb used=2285Kb max_used=2356Kb free=3474Kb
 bounds [0x0000025c46840000, 0x0000025c46ab0000, 0x0000025c46de0000]
 total_blobs=11001 nmethods=10110 adapters=802
 compilation: enabled
              stopped_count=0, restarted_count=0
 full_count=0

Compilation events (20 events):
Event: 14.639 Thread 0x0000025c5e26e800 10112       3       java.util.LinkedHashMap$LinkedKeySet::contains (9 bytes)
Event: 14.639 Thread 0x0000025c5e26e800 nmethod 10112 0x0000025c48325390 code [0x0000025c48325580, 0x0000025c48325998]
Event: 14.639 Thread 0x0000025c5e26e800 10113       3       java.lang.CharacterDataLatin1::isJavaIdentifierPart (20 bytes)
Event: 14.640 Thread 0x0000025c5e26e800 nmethod 10113 0x0000025c48325b10 code [0x0000025c48325cc0, 0x0000025c48325eb8]
Event: 14.640 Thread 0x0000025c5e26e800 10114       3       com.sun.xml.bind.v2.model.impl.RuntimeClassInfoImpl::getTransducer (25 bytes)
Event: 14.640 Thread 0x0000025c5e26e800 nmethod 10114 0x0000025c48326010 code [0x0000025c483261c0, 0x0000025c48326388]
Event: 14.640 Thread 0x0000025c5e26e800 10117       1       com.sun.xml.bind.v2.model.impl.LeafInfoImpl::getType (5 bytes)
Event: 14.640 Thread 0x0000025c5e26e800 nmethod 10117 0x0000025c4e957990 code [0x0000025c4e957b40, 0x0000025c4e957bf8]
Event: 14.641 Thread 0x0000025c5e26e800 10115       1       com.sun.xml.bind.v2.model.impl.PropertyInfoImpl::getExpectedMimeType (5 bytes)
Event: 14.641 Thread 0x0000025c5e26e800 nmethod 10115 0x0000025c4e957c90 code [0x0000025c4e957e40, 0x0000025c4e957ef8]
Event: 14.641 Thread 0x0000025c5e26e800 10116       1       com.sun.xml.bind.v2.model.impl.PropertyInfoImpl::inlineBinaryData (5 bytes)
Event: 14.641 Thread 0x0000025c5e26e800 nmethod 10116 0x0000025c4e957f90 code [0x0000025c4e958140, 0x0000025c4e9581f8]
Event: 14.641 Thread 0x0000025c5e26e800 10118       3       com.sun.xml.bind.v2.runtime.NameBuilder::allocIndex (39 bytes)
Event: 14.641 Thread 0x0000025c5e26e800 nmethod 10118 0x0000025c48326410 code [0x0000025c48326620, 0x0000025c48326d48]
Event: 14.641 Thread 0x0000025c5e26e800 10120       3       com.sun.xml.bind.v2.runtime.JaxBeanInfo::getDeclaredMethods (16 bytes)
Event: 14.642 Thread 0x0000025c5e26e800 nmethod 10120 0x0000025c48326f90 code [0x0000025c48327160, 0x0000025c48327548]
Event: 14.642 Thread 0x0000025c5e26e800 10119       1       com.sun.xml.bind.v2.model.impl.RuntimeElementPropertyInfoImpl::elementOnlyContent (2 bytes)
Event: 14.642 Thread 0x0000025c5e26e800 nmethod 10119 0x0000025c4e958290 code [0x0000025c4e958440, 0x0000025c4e9584f8]
Event: 14.644 Thread 0x0000025c5fcb0800 nmethod 10107 0x0000025c4e958590 code [0x0000025c4e958740, 0x0000025c4e958bd8]
Event: 15.369 Thread 0x0000025c5e26e800 10121       3       java.lang.management.ManagementFactory$$Lambda$62/0x0000000100139c40::apply (12 bytes)

GC Heap History (20 events):
Event: 0.735 GC heap before
{Heap before GC invocations=0 (full 0):
 garbage-first heap   total 262144K, used 29696K [0x0000000080000000, 0x0000000100000000)
  region size 1024K, 24 young (24576K), 0 survivors (0K)
 Metaspace       used 10149K, capacity 10387K, committed 10624K, reserved 1058816K
  class space    used 1060K, capacity 1106K, committed 1152K, reserved 1048576K
}
Event: 0.739 GC heap after
{Heap after GC invocations=1 (full 0):
 garbage-first heap   total 262144K, used 9299K [0x0000000080000000, 0x0000000100000000)
  region size 1024K, 3 young (3072K), 3 survivors (3072K)
 Metaspace       used 10149K, capacity 10387K, committed 10624K, reserved 1058816K
  class space    used 1060K, capacity 1106K, committed 1152K, reserved 1048576K
}
Event: 2.605 GC heap before
{Heap before GC invocations=1 (full 0):
 garbage-first heap   total 262144K, used 111699K [0x0000000080000000, 0x0000000100000000)
  region size 1024K, 104 young (106496K), 3 survivors (3072K)
 Metaspace       used 20630K, capacity 21100K, committed 21296K, reserved 1069056K
  class space    used 2532K, capacity 2660K, committed 2688K, reserved 1048576K
}
Event: 2.616 GC heap after
{Heap after GC invocations=2 (full 0):
 garbage-first heap   total 262144K, used 17022K [0x0000000080000000, 0x0000000100000000)
  region size 1024K, 11 young (11264K), 11 survivors (11264K)
 Metaspace       used 20630K, capacity 21100K, committed 21296K, reserved 1069056K
  class space    used 2532K, capacity 2660K, committed 2688K, reserved 1048576K
}
Event: 2.890 GC heap before
{Heap before GC invocations=3 (full 0):
 garbage-first heap   total 262144K, used 44670K [0x0000000080000000, 0x0000000100000000)
  region size 1024K, 38 young (38912K), 11 survivors (11264K)
 Metaspace       used 23275K, capacity 23866K, committed 24112K, reserved 1071104K
  class space    used 2972K, capacity 3181K, committed 3200K, reserved 1048576K
}
Event: 2.898 GC heap after
{Heap after GC invocations=4 (full 0):
 garbage-first heap   total 262144K, used 18304K [0x0000000080000000, 0x0000000100000000)
  region size 1024K, 2 young (2048K), 2 survivors (2048K)
 Metaspace       used 23275K, capacity 23866K, committed 24112K, reserved 1071104K
  class space    used 2972K, capacity 3181K, committed 3200K, reserved 1048576K
}
Event: 3.945 GC heap before
{Heap before GC invocations=4 (full 0):
 garbage-first heap   total 262144K, used 104320K [0x0000000080000000, 0x0000000100000000)
  region size 1024K, 87 young (89088K), 2 survivors (2048K)
 Metaspace       used 34938K, capacity 35650K, committed 35708K, reserved 1081344K
  class space    used 4550K, capacity 4863K, committed 4864K, reserved 1048576K
}
Event: 3.957 GC heap after
{Heap after GC invocations=5 (full 0):
 garbage-first heap   total 262144K, used 22827K [0x0000000080000000, 0x0000000100000000)
  region size 1024K, 6 young (6144K), 6 survivors (6144K)
 Metaspace       used 34938K, capacity 35650K, committed 35708K, reserved 1081344K
  class space    used 4550K, capacity 4863K, committed 4864K, reserved 1048576K
}
Event: 5.409 GC heap before
{Heap before GC invocations=6 (full 0):
 garbage-first heap   total 262144K, used 145707K [0x0000000080000000, 0x0000000100000000)
  region size 1024K, 123 young (125952K), 6 survivors (6144K)
 Metaspace       used 44872K, capacity 45855K, committed 46024K, reserved 1089536K
  class space    used 5767K, capacity 6161K, committed 6220K, reserved 1048576K
}
Event: 5.426 GC heap after
{Heap after GC invocations=7 (full 0):
 garbage-first heap   total 262144K, used 29709K [0x0000000080000000, 0x0000000100000000)
  region size 1024K, 13 young (13312K), 13 survivors (13312K)
 Metaspace       used 44872K, capacity 45855K, committed 46024K, reserved 1089536K
  class space    used 5767K, capacity 6161K, committed 6220K, reserved 1048576K
}
Event: 7.409 GC heap before
{Heap before GC invocations=7 (full 0):
 garbage-first heap   total 262144K, used 169997K [0x0000000080000000, 0x0000000100000000)
  region size 1024K, 141 young (144384K), 13 survivors (13312K)
 Metaspace       used 53496K, capacity 54801K, committed 54856K, reserved 1097728K
  class space    used 6827K, capacity 7332K, committed 7372K, reserved 1048576K
}
Event: 7.424 GC heap after
{Heap after GC invocations=8 (full 0):
 garbage-first heap   total 262144K, used 50231K [0x0000000080000000, 0x0000000100000000)
  region size 1024K, 18 young (18432K), 18 survivors (18432K)
 Metaspace       used 53496K, capacity 54801K, committed 54856K, reserved 1097728K
  class space    used 6827K, capacity 7332K, committed 7372K, reserved 1048576K
}
Event: 8.081 GC heap before
{Heap before GC invocations=8 (full 0):
 garbage-first heap   total 262144K, used 84023K [0x0000000080000000, 0x0000000100000000)
  region size 1024K, 52 young (53248K), 18 survivors (18432K)
 Metaspace       used 58629K, capacity 60001K, committed 60068K, reserved 1101824K
  class space    used 7457K, capacity 7975K, committed 8012K, reserved 1048576K
}
Event: 8.096 GC heap after
{Heap after GC invocations=9 (full 0):
 garbage-first heap   total 262144K, used 53146K [0x0000000080000000, 0x0000000100000000)
  region size 1024K, 3 young (3072K), 3 survivors (3072K)
 Metaspace       used 58629K, capacity 60001K, committed 60068K, reserved 1101824K
  class space    used 7457K, capacity 7975K, committed 8012K, reserved 1048576K
}
Event: 9.491 GC heap before
{Heap before GC invocations=10 (full 0):
 garbage-first heap   total 262144K, used 154522K [0x0000000080000000, 0x0000000100000000)
  region size 1024K, 102 young (104448K), 3 survivors (3072K)
 Metaspace       used 66939K, capacity 68349K, committed 68592K, reserved 1110016K
  class space    used 8494K, capacity 9033K, committed 9164K, reserved 1048576K
}
Event: 9.505 GC heap after
{Heap after GC invocations=11 (full 0):
 garbage-first heap   total 262144K, used 59042K [0x0000000080000000, 0x0000000100000000)
  region size 1024K, 9 young (9216K), 9 survivors (9216K)
 Metaspace       used 66939K, capacity 68349K, committed 68592K, reserved 1110016K
  class space    used 8494K, capacity 9033K, committed 9164K, reserved 1048576K
}
Event: 11.102 GC heap before
{Heap before GC invocations=12 (full 0):
 garbage-first heap   total 262144K, used 164514K [0x0000000080000000, 0x0000000100000000)
  region size 1024K, 112 young (114688K), 9 survivors (9216K)
 Metaspace       used 75253K, capacity 76951K, committed 77040K, reserved 1116160K
  class space    used 9756K, capacity 10391K, committed 10444K, reserved 1048576K
}
Event: 11.121 GC heap after
{Heap after GC invocations=13 (full 0):
 garbage-first heap   total 262144K, used 66742K [0x0000000080000000, 0x0000000100000000)
  region size 1024K, 8 young (8192K), 8 survivors (8192K)
 Metaspace       used 75253K, capacity 76951K, committed 77040K, reserved 1116160K
  class space    used 9756K, capacity 10391K, committed 10444K, reserved 1048576K
}
Event: 12.873 GC heap before
{Heap before GC invocations=13 (full 0):
 garbage-first heap   total 262144K, used 172214K [0x0000000080000000, 0x0000000100000000)
  region size 1024K, 112 young (114688K), 8 survivors (8192K)
 Metaspace       used 84284K, capacity 86378K, committed 86512K, reserved 1124352K
  class space    used 11076K, capacity 11893K, committed 11980K, reserved 1048576K
}
Event: 12.889 GC heap after
{Heap after GC invocations=14 (full 0):
 garbage-first heap   total 262144K, used 73505K [0x0000000080000000, 0x0000000100000000)
  region size 1024K, 14 young (14336K), 14 survivors (14336K)
 Metaspace       used 84284K, capacity 86378K, committed 86512K, reserved 1124352K
  class space    used 11076K, capacity 11893K, committed 11980K, reserved 1048576K
}

Deoptimization events (20 events):
Event: 14.199 Thread 0x0000025c65b91800 Uncommon trap: trap_request=0xffffffc6 fr.pc=0x0000025c4e84723c relative=0x000000000000089c
Event: 14.199 Thread 0x0000025c65b91800 Uncommon trap: reason=bimorphic_or_optimized_type_check action=maybe_recompile pc=0x0000025c4e84723c method=com.google.common.collect.AbstractMapBasedMultimap$WrappedCollection.refreshIfEmpty()V @ 59 c2
Event: 14.199 Thread 0x0000025c65b91800 DEOPT PACKING pc=0x0000025c4e84723c sp=0x000000ae670fa330
Event: 14.199 Thread 0x0000025c65b91800 DEOPT UNPACKING pc=0x0000025c4686662f sp=0x000000ae670fa2d8 mode 2
Event: 14.208 Thread 0x0000025c65b91800 Uncommon trap: trap_request=0xffffff4d fr.pc=0x0000025c4e6ec378 relative=0x0000000000001818
Event: 14.208 Thread 0x0000025c65b91800 Uncommon trap: reason=unstable_if action=reinterpret pc=0x0000025c4e6ec378 method=com.google.gson.stream.JsonReader.nextQuotedValue(C)Ljava/lang/String; @ 96 c2
Event: 14.208 Thread 0x0000025c65b91800 DEOPT PACKING pc=0x0000025c4e6ec378 sp=0x000000ae670f9d40
Event: 14.208 Thread 0x0000025c65b91800 DEOPT UNPACKING pc=0x0000025c4686662f sp=0x000000ae670f9d38 mode 2
Event: 14.299 Thread 0x0000025c65b91800 Uncommon trap: trap_request=0xffffff4d fr.pc=0x0000025c4e9265a0 relative=0x0000000000000080
Event: 14.299 Thread 0x0000025c65b91800 Uncommon trap: reason=unstable_if action=reinterpret pc=0x0000025c4e9265a0 method=java.lang.CharacterDataLatin1.isJavaIdentifierPart(I)Z @ 11 c2
Event: 14.299 Thread 0x0000025c65b91800 DEOPT PACKING pc=0x0000025c4e9265a0 sp=0x000000ae670f8610
Event: 14.299 Thread 0x0000025c65b91800 DEOPT UNPACKING pc=0x0000025c4686662f sp=0x000000ae670f8588 mode 2
Event: 14.307 Thread 0x0000025c65b91800 Uncommon trap: trap_request=0xffffff4d fr.pc=0x0000025c4e9268cc relative=0x00000000000000ac
Event: 14.307 Thread 0x0000025c65b91800 Uncommon trap: reason=unstable_if action=reinterpret pc=0x0000025c4e9268cc method=org.apache.xerces.impl.XMLEntityScanner.scanChar()I @ 14 c2
Event: 14.307 Thread 0x0000025c65b91800 DEOPT PACKING pc=0x0000025c4e9268cc sp=0x000000ae670fa050
Event: 14.307 Thread 0x0000025c65b91800 DEOPT UNPACKING pc=0x0000025c4686662f sp=0x000000ae670f9fd8 mode 2
Event: 14.626 Thread 0x0000025c65b91800 Uncommon trap: trap_request=0xffffff4d fr.pc=0x0000025c4e956360 relative=0x00000000000000c0
Event: 14.626 Thread 0x0000025c65b91800 Uncommon trap: reason=unstable_if action=reinterpret pc=0x0000025c4e956360 method=org.antlr.v4.runtime.ANTLRInputStream.LA(I)I @ 38 c2
Event: 14.626 Thread 0x0000025c65b91800 DEOPT PACKING pc=0x0000025c4e956360 sp=0x000000ae670f9e70
Event: 14.627 Thread 0x0000025c65b91800 DEOPT UNPACKING pc=0x0000025c4686662f sp=0x000000ae670f9df8 mode 2

Classes redefined (0 events):
No events

Internal exceptions (20 events):
Event: 12.406 Thread 0x0000025c65b8f000 Exception <a 'java/lang/NoSuchMethodError'{0x000000008b784158}: <clinit>> (0x000000008b784158) thrown at [./src/hotspot/share/prims/jni.cpp, line 1362]
Event: 12.409 Thread 0x0000025c65b8f000 Exception <a 'java/lang/NoSuchMethodError'{0x000000008b7993b8}: <clinit>> (0x000000008b7993b8) thrown at [./src/hotspot/share/prims/jni.cpp, line 1362]
Event: 12.412 Thread 0x0000025c65b8f000 Exception <a 'java/lang/NoSuchMethodError'{0x000000008b62ccb8}: <clinit>> (0x000000008b62ccb8) thrown at [./src/hotspot/share/prims/jni.cpp, line 1362]
Event: 12.412 Thread 0x0000025c65b91800 Exception <a 'java/lang/IncompatibleClassChangeError'{0x000000008b6083c0}: Found class java.lang.Object, but interface was expected> (0x000000008b6083c0) thrown at [./src/hotspot/share/interpreter/linkResolver.cpp, line 839]
Event: 12.414 Thread 0x0000025c65b8f000 Exception <a 'java/lang/NoSuchMethodError'{0x000000008b6371a8}: 'void java.lang.invoke.DirectMethodHandle$Holder.invokeSpecial(java.lang.Object, java.lang.Object, java.lang.Object, int)'> (0x000000008b6371a8) thrown at [./src/hotspot/share/interpreter/linkResolver.cpp, line 773]
Event: 12.438 Thread 0x0000025c617fb800 Exception <a 'java/lang/NoSuchMethodError'{0x000000008b5af4e8}: <clinit>> (0x000000008b5af4e8) thrown at [./src/hotspot/share/prims/jni.cpp, line 1362]
Event: 12.439 Thread 0x0000025c65b91800 Exception <a 'java/lang/NoSuchMethodError'{0x000000008b58c800}: 'java.lang.Object java.lang.invoke.DirectMethodHandle$Holder.invokeInterface(java.lang.Object, java.lang.Object, int)'> (0x000000008b58c800) thrown at [./src/hotspot/share/interpreter/linkResolver.cpp, line 773]
Event: 12.443 Thread 0x0000025c65b91800 Exception <a 'java/lang/NoSuchMethodError'{0x000000008b59eff0}: 'void java.lang.invoke.DirectMethodHandle$Holder.invokeStatic(java.lang.Object, java.lang.Object, java.lang.Object, int)'> (0x000000008b59eff0) thrown at [./src/hotspot/share/interpreter/linkResolver.cpp, line 773]
Event: 12.474 Thread 0x0000025c65b91800 Exception <a 'java/lang/IncompatibleClassChangeError'{0x000000008b4d2748}: Found class java.lang.Object, but interface was expected> (0x000000008b4d2748) thrown at [./src/hotspot/share/interpreter/linkResolver.cpp, line 839]
Event: 12.480 Thread 0x0000025c65b91800 Exception <a 'java/lang/IncompatibleClassChangeError'{0x000000008b4f6ca8}: Found class java.lang.Object, but interface was expected> (0x000000008b4f6ca8) thrown at [./src/hotspot/share/interpreter/linkResolver.cpp, line 839]
Event: 12.727 Thread 0x0000025c65b91800 Exception <a 'java/lang/NoSuchMethodError'{0x000000008aad0060}: 'void java.lang.invoke.DirectMethodHandle$Holder.invokeStatic(java.lang.Object, java.lang.Object, java.lang.Object, java.lang.Object, int, java.lang.Object, java.lang.Object)'> (0x000000008aad0060) thrown at [./src/hotspot/share/interpreter/linkResolver.cpp, line 773]
Event: 12.763 Thread 0x0000025c6333b800 Exception <a 'java/lang/NoSuchMethodError'{0x000000008a2ad870}: 'java.lang.Object java.lang.invoke.DirectMethodHandle$Holder.invokeSpecialIFC(java.lang.Object, java.lang.Object, java.lang.Object)'> (0x000000008a2ad870) thrown at [./src/hotspot/share/interpreter/linkResolver.cpp, line 773]
Event: 12.763 Thread 0x0000025c63d09800 Exception <a 'java/lang/NoSuchMethodError'{0x000000008a2e6d50}: 'java.lang.Object java.lang.invoke.DirectMethodHandle$Holder.invokeSpecialIFC(java.lang.Object, java.lang.Object, java.lang.Object)'> (0x000000008a2e6d50) thrown at [./src/hotspot/share/interpreter/linkResolver.cpp, line 773]
Event: 12.763 Thread 0x0000025c5f336000 Exception <a 'java/lang/NoSuchMethodError'{0x000000008a101de0}: 'java.lang.Object java.lang.invoke.DirectMethodHandle$Holder.invokeSpecialIFC(java.lang.Object, java.lang.Object, java.lang.Object)'> (0x000000008a101de0) thrown at [./src/hotspot/share/interpreter/linkResolver.cpp, line 773]
Event: 12.763 Thread 0x0000025c6202d000 Exception <a 'java/lang/NoSuchMethodError'{0x000000008a2731a0}: 'java.lang.Object java.lang.invoke.DirectMethodHandle$Holder.invokeSpecialIFC(java.lang.Object, java.lang.Object, java.lang.Object)'> (0x000000008a2731a0) thrown at [./src/hotspot/share/interpreter/linkResolver.cpp, line 773]
Event: 12.763 Thread 0x0000025c63d0a800 Exception <a 'java/lang/NoSuchMethodError'{0x000000008a89ef78}: 'java.lang.Object java.lang.invoke.DirectMethodHandle$Holder.invokeSpecialIFC(java.lang.Object, java.lang.Object, java.lang.Object)'> (0x000000008a89ef78) thrown at [./src/hotspot/share/interpreter/linkResolver.cpp, line 773]
Event: 12.763 Thread 0x0000025c63407800 Exception <a 'java/lang/NoSuchMethodError'{0x000000008a29c768}: 'java.lang.Object java.lang.invoke.DirectMethodHandle$Holder.invokeSpecialIFC(java.lang.Object, java.lang.Object, java.lang.Object)'> (0x000000008a29c768) thrown at [./src/hotspot/share/interpreter/linkResolver.cpp, line 773]
Event: 12.810 Thread 0x0000025c6333b800 Exception <a 'java/lang/NoSuchMethodError'{0x0000000089eb6a00}: 'int java.lang.invoke.DirectMethodHandle$Holder.invokeStaticInit(java.lang.Object, java.lang.Object, java.lang.Object, java.lang.Object, java.lang.Object)'> (0x0000000089eb6a00) thrown at [./src/hotspot/share/interpreter/linkResolver.cpp, line 773]
Event: 13.573 Thread 0x0000025c65b91800 Exception <a 'java/lang/NoSuchMethodError'{0x000000008c666030}: 'void java.lang.invoke.DirectMethodHandle$Holder.invokeVirtual(java.lang.Object, java.lang.Object)'> (0x000000008c666030) thrown at [./src/hotspot/share/interpreter/linkResolver.cpp, line 773]
Event: 13.775 Thread 0x0000025c65b91800 Implicit null exception at 0x0000025c4e644a84 to 0x0000025c4e644c7c

Events (20 events):
Event: 14.631 loading class android/databinding/tool/store/ResourceBundle$IncludedLayout
Event: 14.631 loading class android/databinding/tool/store/ResourceBundle$IncludedLayout done
Event: 14.631 loading class android/databinding/tool/store/ResourceBundle$BindingTargetBundle
Event: 14.631 loading class android/databinding/tool/store/ResourceBundle$BindingTargetBundle done
Event: 14.632 loading class android/databinding/tool/processing/scopes/LocationScopeProvider
Event: 14.632 loading class android/databinding/tool/processing/scopes/LocationScopeProvider done
Event: 14.632 loading class android/databinding/tool/store/ResourceBundle$MarshalledMapType
Event: 14.632 loading class android/databinding/tool/store/ResourceBundle$MarshalledMapType done
Event: 14.632 loading class android/databinding/tool/store/ResourceBundle$VariableDeclaration
Event: 14.632 loading class android/databinding/tool/store/ResourceBundle$VariableDeclaration done
Event: 14.632 loading class android/databinding/tool/store/ResourceBundle$NameTypeLocation
Event: 14.632 loading class android/databinding/tool/store/ResourceBundle$NameTypeLocation done
Event: 14.633 loading class android/databinding/tool/store/Location
Event: 14.633 loading class android/databinding/tool/store/Location done
Event: 14.638 loading class android/databinding/tool/store/ResourceBundle$BindingTargetBundle$BindingBundle
Event: 14.638 loading class android/databinding/tool/store/ResourceBundle$BindingTargetBundle$BindingBundle done
Event: 14.642 loading class com/sun/xml/bind/v2/runtime/MarshallerImpl
Event: 14.642 loading class com/sun/xml/bind/v2/runtime/MarshallerImpl done
Event: 14.644 loading class javax/xml/bind/helpers/AbstractMarshallerImpl
Event: 14.644 loading class javax/xml/bind/helpers/AbstractMarshallerImpl done


Dynamic libraries:
0x00007ff7f7340000 - 0x00007ff7f734a000 	C:\Program Files\Android\Android Studio\jre\bin\java.exe
0x00007ffdd4950000 - 0x00007ffdd4b45000 	C:\WINDOWS\SYSTEM32\ntdll.dll
0x00007ffdd2c30000 - 0x00007ffdd2cee000 	C:\WINDOWS\System32\KERNEL32.DLL
0x00007ffdd2070000 - 0x00007ffdd2338000 	C:\WINDOWS\System32\KERNELBASE.dll
0x00007ffdd2860000 - 0x00007ffdd2960000 	C:\WINDOWS\System32\ucrtbase.dll
0x00007ffdcadd0000 - 0x00007ffdcade7000 	C:\Program Files\Android\Android Studio\jre\bin\VCRUNTIME140.dll
0x00007ffdc3450000 - 0x00007ffdc3469000 	C:\Program Files\Android\Android Studio\jre\bin\jli.dll
0x00007ffdd2ea0000 - 0x00007ffdd3040000 	C:\WINDOWS\System32\USER32.dll
0x00007ffdd2580000 - 0x00007ffdd25a2000 	C:\WINDOWS\System32\win32u.dll
0x00007ffdbfdc0000 - 0x00007ffdc005a000 	C:\WINDOWS\WinSxS\amd64_microsoft.windows.common-controls_6595b64144ccf1df_6.0.19041.1110_none_60b5254171f9507e\COMCTL32.dll
0x00007ffdd47a0000 - 0x00007ffdd483e000 	C:\WINDOWS\System32\msvcrt.dll
0x00007ffdd3590000 - 0x00007ffdd35bb000 	C:\WINDOWS\System32\GDI32.dll
0x00007ffdd23e0000 - 0x00007ffdd24eb000 	C:\WINDOWS\System32\gdi32full.dll
0x00007ffdd27c0000 - 0x00007ffdd285d000 	C:\WINDOWS\System32\msvcp_win.dll
0x00007ffdd2db0000 - 0x00007ffdd2de0000 	C:\WINDOWS\System32\IMM32.DLL
0x00007ffd9a9d0000 - 0x00007ffd9aa6d000 	C:\Program Files\Android\Android Studio\jre\bin\msvcp140.dll
0x00007ffd8b190000 - 0x00007ffd8bc65000 	C:\Program Files\Android\Android Studio\jre\bin\server\jvm.dll
0x00007ffdd2cf0000 - 0x00007ffdd2d9e000 	C:\WINDOWS\System32\ADVAPI32.dll
0x00007ffdd2b90000 - 0x00007ffdd2c2c000 	C:\WINDOWS\System32\sechost.dll
0x00007ffdd4250000 - 0x00007ffdd4375000 	C:\WINDOWS\System32\RPCRT4.dll
0x00007ffdd2da0000 - 0x00007ffdd2da8000 	C:\WINDOWS\System32\PSAPI.DLL
0x00007ffdc61a0000 - 0x00007ffdc61aa000 	C:\WINDOWS\SYSTEM32\VERSION.dll
0x00007ffdbafc0000 - 0x00007ffdbafc9000 	C:\WINDOWS\SYSTEM32\WSOCK32.dll
0x00007ffdc2450000 - 0x00007ffdc2477000 	C:\WINDOWS\SYSTEM32\WINMM.dll
0x00007ffdd4460000 - 0x00007ffdd44cb000 	C:\WINDOWS\System32\WS2_32.dll
0x00007ffdd08d0000 - 0x00007ffdd08e2000 	C:\WINDOWS\SYSTEM32\kernel.appcore.dll
0x00007ffdcd9e0000 - 0x00007ffdcd9f1000 	C:\Program Files\Android\Android Studio\jre\bin\verify.dll
0x00007ffdbac70000 - 0x00007ffdbae54000 	C:\WINDOWS\SYSTEM32\DBGHELP.DLL
0x00007ffdbac40000 - 0x00007ffdbac6c000 	C:\WINDOWS\SYSTEM32\dbgcore.DLL
0x00007ffdd24f0000 - 0x00007ffdd2572000 	C:\WINDOWS\System32\bcryptPrimitives.dll
0x00007ffdcbc80000 - 0x00007ffdcbca9000 	C:\Program Files\Android\Android Studio\jre\bin\java.dll
0x00007ffdcf730000 - 0x00007ffdcf73b000 	C:\Program Files\Android\Android Studio\jre\bin\jimage.dll
0x00007ffdcc4c0000 - 0x00007ffdcc4d8000 	C:\Program Files\Android\Android Studio\jre\bin\zip.dll
0x00007ffdd3620000 - 0x00007ffdd3d64000 	C:\WINDOWS\System32\SHELL32.dll
0x00007ffdd0120000 - 0x00007ffdd08b4000 	C:\WINDOWS\SYSTEM32\windows.storage.dll
0x00007ffdd3d70000 - 0x00007ffdd40c4000 	C:\WINDOWS\System32\combase.dll
0x00007ffdd1920000 - 0x00007ffdd194c000 	C:\WINDOWS\SYSTEM32\Wldp.dll
0x00007ffdd29b0000 - 0x00007ffdd2a5d000 	C:\WINDOWS\System32\SHCORE.dll
0x00007ffdd4690000 - 0x00007ffdd46e5000 	C:\WINDOWS\System32\shlwapi.dll
0x00007ffdd1fb0000 - 0x00007ffdd1fcf000 	C:\WINDOWS\SYSTEM32\profapi.dll
0x00007ffdcbc60000 - 0x00007ffdcbc7a000 	C:\Program Files\Android\Android Studio\jre\bin\net.dll
0x00007ffdc8e40000 - 0x00007ffdc8f49000 	C:\WINDOWS\SYSTEM32\WINHTTP.dll
0x00007ffdd1700000 - 0x00007ffdd176a000 	C:\WINDOWS\system32\mswsock.dll
0x00007ffdcbc40000 - 0x00007ffdcbc54000 	C:\Program Files\Android\Android Studio\jre\bin\nio.dll
0x00007ffdc33b0000 - 0x00007ffdc33d7000 	C:\Users\Lenovo\AndroidStudioProjects\MyFirstKotlinApp\native\e1d6ef7f7dcc3fd88c89a11ec53ec762bb8ba0a96d01ffa2cd45eb1d1d8dd5c5\windows-amd64\native-platform.dll
0x00007ffd98ca0000 - 0x00007ffd98de4000 	C:\Users\Lenovo\AndroidStudioProjects\MyFirstKotlinApp\native\5664cfc778a61ccfe75a443a1ab52a65af34e5dc3c78e0209fed803814484fcb\windows-amd64\native-platform-file-events.dll
0x00007ffdcda50000 - 0x00007ffdcda5a000 	C:\Program Files\Android\Android Studio\jre\bin\management.dll
0x00007ffdcd9d0000 - 0x00007ffdcd9dd000 	C:\Program Files\Android\Android Studio\jre\bin\management_ext.dll
0x00007ffdd19a0000 - 0x00007ffdd19b8000 	C:\WINDOWS\SYSTEM32\CRYPTSP.dll
0x00007ffdd10a0000 - 0x00007ffdd10d4000 	C:\WINDOWS\system32\rsaenh.dll
0x00007ffdd2340000 - 0x00007ffdd2367000 	C:\WINDOWS\System32\bcrypt.dll
0x00007ffdd1f70000 - 0x00007ffdd1f9e000 	C:\WINDOWS\SYSTEM32\USERENV.dll
0x00007ffdd1890000 - 0x00007ffdd189c000 	C:\WINDOWS\SYSTEM32\CRYPTBASE.dll
0x00007ffdd1410000 - 0x00007ffdd144b000 	C:\WINDOWS\SYSTEM32\IPHLPAPI.DLL
0x00007ffdd44d0000 - 0x00007ffdd44d8000 	C:\WINDOWS\System32\NSI.dll
0x00007ffdca3b0000 - 0x00007ffdca3c7000 	C:\WINDOWS\SYSTEM32\dhcpcsvc6.DLL
0x00007ffdca300000 - 0x00007ffdca31d000 	C:\WINDOWS\SYSTEM32\dhcpcsvc.DLL
0x00007ffdd1450000 - 0x00007ffdd151a000 	C:\WINDOWS\SYSTEM32\DNSAPI.dll

dbghelp: loaded successfully - version: 4.0.5 - missing functions: none
symbol engine: initialized successfully - sym options: 0x614 - pdb path: .;C:\Program Files\Android\Android Studio\jre\bin;C:\WINDOWS\SYSTEM32;C:\WINDOWS\WinSxS\amd64_microsoft.windows.common-controls_6595b64144ccf1df_6.0.19041.1110_none_60b5254171f9507e;C:\Program Files\Android\Android Studio\jre\bin\server;C:\Users\Lenovo\AndroidStudioProjects\MyFirstKotlinApp\native\e1d6ef7f7dcc3fd88c89a11ec53ec762bb8ba0a96d01ffa2cd45eb1d1d8dd5c5\windows-amd64;C:\Users\Lenovo\AndroidStudioProjects\MyFirstKotlinApp\native\5664cfc778a61ccfe75a443a1ab52a65af34e5dc3c78e0209fed803814484fcb\windows-amd64

VM Arguments:
jvm_args: --add-opens=java.base/java.util=ALL-UNNAMED --add-opens=java.base/java.lang=ALL-UNNAMED --add-opens=java.base/java.lang.invoke=ALL-UNNAMED --add-opens=java.base/java.util=ALL-UNNAMED --add-opens=java.prefs/java.util.prefs=ALL-UNNAMED --add-opens=java.prefs/java.util.prefs=ALL-UNNAMED --add-opens=java.base/java.nio.charset=ALL-UNNAMED --add-opens=java.base/java.net=ALL-UNNAMED --add-opens=java.base/java.util.concurrent.atomic=ALL-UNNAMED -Xmx2048m -Dfile.encoding=UTF-8 -Duser.country=SE -Duser.language=sv -Duser.variant 
java_command: org.gradle.launcher.daemon.bootstrap.GradleDaemon 7.2
java_class_path (initial): C:\Users\Lenovo\AndroidStudioProjects\MyFirstKotlinApp\wrapper\dists\gradle-7.2-bin\2dnblmf4td7x66yl1d74lt32g\gradle-7.2\lib\gradle-launcher-7.2.jar
Launcher Type: SUN_STANDARD

[Global flags]
     intx CICompilerCount                          = 4                                         {product} {ergonomic}
     uint ConcGCThreads                            = 2                                         {product} {ergonomic}
     uint G1ConcRefinementThreads                  = 8                                         {product} {ergonomic}
   size_t G1HeapRegionSize                         = 1048576                                   {product} {ergonomic}
    uintx GCDrainStackTargetSize                   = 64                                        {product} {ergonomic}
   size_t InitialHeapSize                          = 268435456                                 {product} {ergonomic}
   size_t MarkStackSize                            = 4194304                                   {product} {ergonomic}
   size_t MaxHeapSize                              = 2147483648                                {product} {command line}
   size_t MaxNewSize                               = 1287651328                                {product} {ergonomic}
   size_t MinHeapDeltaBytes                        = 1048576                                   {product} {ergonomic}
    uintx NonNMethodCodeHeapSize                   = 5836300                                {pd product} {ergonomic}
    uintx NonProfiledCodeHeapSize                  = 122910970                              {pd product} {ergonomic}
    uintx ProfiledCodeHeapSize                     = 122910970                              {pd product} {ergonomic}
    uintx ReservedCodeCacheSize                    = 251658240                              {pd product} {ergonomic}
     bool SegmentedCodeCache                       = true                                      {product} {ergonomic}
     bool UseCompressedClassPointers               = true                                 {lp64_product} {ergonomic}
     bool UseCompressedOops                        = true                                 {lp64_product} {ergonomic}
     bool UseG1GC                                  = true                                      {product} {ergonomic}
     bool UseLargePagesIndividualAllocation        = false                                  {pd product} {ergonomic}

Logging:
Log output configuration:
 #0: stdout all=warning uptime,level,tags
 #1: stderr all=off uptime,level,tags

Environment Variables:
JAVA_HOME=C:\Program Files\Java\jdk1.8.0_251
PATH=C:\Program Files\Common Files\Oracle\Java\javapath;C:\Program Files\PostgreSQL\13\bin;C:\Program Files\dotnet\;C:\Program Files\Microsoft SQL Server\Client SDK\ODBC\170\Tools\Binn\;C:\Program Files (x86)\Microsoft SQL Server\150\Tools\Binn\;C:\Program Files\Microsoft SQL Server\150\Tools\Binn\;C:\Program Files\Microsoft SQL Server\150\DTS\Binn\;C:\Program Files\Microsoft SQL Server\130\Tools\Binn\;C:\Program Files\nodejs\;C:\Program Files\nodejs;C:\Users\Lenovo\AppData\Local\atom\bin;C:\Users\Lenovo\AppData\Local\Programs\Microsoft VS Code\bin;C:\Users\Lenovo\AppData\Local\Microsoft\WindowsApps;C:\Program Files\Azure Data Studio\bin;C:\Users\Lenovo\.dotnet\tools;C:\Users\Lenovo\AppData\Roaming\npm;C:\Program Files\JetBrains\IntelliJ IDEA 2021.3.2\bin;;C:\Program Files\JetBrains\IntelliJ IDEA Community Edition 2021.3.2\bin;
USERNAME=Lenovo
OS=Windows_NT
PROCESSOR_IDENTIFIER=Intel64 Family 6 Model 60 Stepping 3, GenuineIntel



---------------  S Y S T E M  ---------------

OS: Windows 10 , 64 bit Build 19041 (10.0.19041.1566)
OS uptime: 3 days 8:57 hours
Hyper-V role detected

CPU:total 8 (initial active 8) (4 cores per cpu, 2 threads per core) family 6 model 60 stepping 3 microcode 0x27, cmov, cx8, fxsr, mmx, sse, sse2, sse3, ssse3, sse4.1, sse4.2, popcnt, avx, avx2, aes, clmul, erms, lzcnt, ht, tsc, tscinvbit, bmi1, bmi2, fma

Memory: 4k page, system-wide physical 16263M (6174M free)
TotalPageFile size 20836M (AvailPageFile size 4182M)
current process WorkingSet (physical memory assigned to process): 463M, peak: 503M
current process commit charge ("private bytes"): 543M, peak: 582M

vm_info: OpenJDK 64-Bit Server VM (11.0.11+9-b60-7590822) for windows-amd64 JRE (11.0.11+9-b60-7590822), built on Jul 29 2021 21:43:44 by "builder" with MS VC++ 14.0 (VS2015)

END.
